Removed Pin From Net: NetName=VCC Pin=C2-1
Removed Pin From Net: NetName=GND Pin=C2-2
Removed Pin From Net: NetName=VCC Pin=C4-1
Removed Pin From Net: NetName=GND Pin=C4-2
Removed Pin From Net: NetName=VCC Pin=C8-1
Removed Pin From Net: NetName=GND Pin=C8-2
Removed Pin From Net: NetName=NetC10_1 Pin=C10-1
Removed Pin From Net: NetName=GND Pin=D13-6
Removed Pin From Net: NetName=GND Pin=D13-6
Removed Pin From Net: NetName=GND Pin=D14-6
Removed Pin From Net: NetName=GND Pin=D14-6
Removed Pin From Net: NetName=C2_LED Pin=K1-2
Removed Pin From Net: NetName=C1 Pin=K1-9
Removed Pin From Net: NetName=C2 Pin=K1-10
Removed Pin From Net: NetName=L4 Pin=K1-11
Removed Pin From Net: NetName=GND Pin=K1-12
Removed Pin From Net: NetName=VCC Pin=K1-13
Removed Pin From Net: NetName=L3 Pin=K1-15
Removed Pin From Net: NetName=C3_LED Pin=K1-17
Removed Pin From Net: NetName=GND Pin=K1-18
Removed Pin From Net: NetName=VCC Pin=K1-19
Removed Pin From Net: NetName=C3 Pin=K1-21
Removed Pin From Net: NetName=L1 Pin=K1-23
Removed Pin From Net: NetName=L3_LED Pin=K1-24
Removed Pin From Net: NetName=L2_LED Pin=K1-27
Removed Pin From Net: NetName=L1_LED Pin=K1-28
Removed Pin From Net: NetName=GND Pin=K1-31
Removed Pin From Net: NetName=VCC Pin=K1-32
Removed Pin From Net: NetName=SWDIO Pin=K1-46
Removed Pin From Net: NetName=SWCLK Pin=K1-49
Removed Pin From Net: NetName=GND Pin=K1-60
Removed Pin From Net: NetName=C1_LED Pin=K1-61
Removed Pin From Net: NetName=L4_LED Pin=K1-62
Removed Pin From Net: NetName=GND Pin=K1-63
Removed Pin From Net: NetName=VCC Pin=K1-64
Removed Pin From Net: NetName=C1_LED Pin=R6-1
Removed Pin From Net: NetName=NetD1_2 Pin=R6-2
Removed Pin From Net: NetName=C2_LED Pin=R7-1
Removed Pin From Net: NetName=NetD2_2 Pin=R7-2
Removed Pin From Net: NetName=C3_LED Pin=R8-1
Removed Pin From Net: NetName=NetD3_2 Pin=R8-2
Removed Pin From Net: NetName=NetD1_1 Pin=R9-1
Removed Pin From Net: NetName=L1_LED Pin=R9-2
Removed Pin From Net: NetName=NetD4_1 Pin=R10-1
Removed Pin From Net: NetName=L2_LED Pin=R10-2
Removed Pin From Net: NetName=NetD7_1 Pin=R11-1
Removed Pin From Net: NetName=L3_LED Pin=R11-2
Removed Pin From Net: NetName=NetD10_1 Pin=R12-1
Removed Pin From Net: NetName=L4_LED Pin=R12-2
Removed Pin From Net: NetName=NetD13_1 Pin=R17-2
Removed Pin From Net: NetName=VCC Pin=TP1-1
Removed Pin From Net: NetName=VCC Pin=X1-2
Removed Pin From Net: NetName=GND Pin=X1-3
Removed Pin From Net: NetName=SWDIO Pin=X1-4
Removed Pin From Net: NetName=SWCLK Pin=X1-5
Removed Member From Class: ClassName=STM32-Touch-Test_uP_SCH Member=C15
Removed Member From Class: ClassName=STM32-Touch-Test_TouchPAD_SCH Member=R6
Removed Member From Class: ClassName=STM32-Touch-Test_TouchPAD_SCH Member=R7
Removed Member From Class: ClassName=STM32-Touch-Test_TouchPAD_SCH Member=R8
Removed Member From Class: ClassName=STM32-Touch-Test_TouchPAD_SCH Member=R9
Removed Member From Class: ClassName=STM32-Touch-Test_TouchPAD_SCH Member=R10
Removed Member From Class: ClassName=STM32-Touch-Test_TouchPAD_SCH Member=R11
Removed Member From Class: ClassName=STM32-Touch-Test_TouchPAD_SCH Member=R12
Removed Member From Class: ClassName=STM32-Touch-Test_TouchPAD_SCH Member=R17
Removed Member From Class: ClassName=STM32-Touch-Test_TouchPAD_SCH Member=R18
Removed Member From Class: ClassName=STM32-Touch-Test_TouchPAD_SCH Member=R19
Removed Member From Class: ClassName=STM32-Touch-Test_TouchPAD_SCH Member=R20
Removed Member From Class: ClassName=STM32-Touch-Test_uP_SCH Member=R21
Removed Member From Class: ClassName=STM32-Touch-Test_uP_SCH Member=R22
Change Component Footprint: Designator=X1 Old Footprint=CONN_MICROMATCH_6-POL New Footprint=T-Connect 2030
Change Component Footprint: Designator=K1 Old Footprint=LQFP64 New Footprint=UFQFPN48
Change Component Comment : Designator=C3 Old Comment=0.1uF New Comment=100nF
Change Component Comment : Designator=C5 Old Comment=0.1uF New Comment=100nF
Change Component Comment : Designator=C7 Old Comment=0.1uF New Comment=100nF
Change Component Comment : Designator=C9 Old Comment=0.1uF New Comment=100nF
Change Component Comment : Designator=X1 Old Comment=1x6 (F) New Comment=CONNECTOR TC2030-NL
Change Component Comment : Designator=R21 Old Comment=10K New Comment=150E
Change Component Comment : Designator=R22 Old Comment=10K New Comment=150E
Change Component Comment : Designator=R10 Old Comment=150E New Comment=10K
Change Component Comment : Designator=R11 Old Comment=150E New Comment=10K
Change Component Comment : Designator=R12 Old Comment=150E New Comment=10K
Change Component Comment : Designator=K1 Old Comment=STM32L072RBT6 New Comment=STM32L072CZT6
Change Component Designator: OldDesignator=C3 NewDesignator=C2
Change Component Designator: OldDesignator=C5 NewDesignator=C3
Change Component Designator: OldDesignator=C6 NewDesignator=C4
Change Component Designator: OldDesignator=C7 NewDesignator=C5
Change Component Designator: OldDesignator=C10 NewDesignator=C7
Change Component Designator: OldDesignator=C12 NewDesignator=C10
Change Component Designator: OldDesignator=C13 NewDesignator=C11
Change Component Designator: OldDesignator=C15 NewDesignator=C8
Change Component Designator: OldDesignator=R1 NewDesignator=R4
Change Component Designator: OldDesignator=R2 NewDesignator=R1
Change Component Designator: OldDesignator=R3 NewDesignator=R8
Change Component Designator: OldDesignator=R4 NewDesignator=R7
Change Component Designator: OldDesignator=R13 NewDesignator=R3
Change Component Designator: OldDesignator=R14 NewDesignator=R9
Change Component Designator: OldDesignator=R15 NewDesignator=R2
Change Component Designator: OldDesignator=R16 NewDesignator=R6
Change component parameters: Designator = "C1" ("C1"); Footprint = "CSMD0805"; UniqueID = "\GVYLUQDK" ("\GVYLUQDK")
Change component parameters (AddParameter): Name = "EMF_PN"; Value = "CER-HV-09"; VariantName = "[No Variations]"
Change component parameters (AddParameter): Name = "Manufacturer Part Number 1"; Value = "C0805C106K8RAC"; VariantName = "[No Variations]"
Change component parameters (AddParameter): Name = "Tol"; Value = "0.1"; VariantName = "[No Variations]"
Change component parameters (AddParameter): Name = "Type"; Value = "CX7R"; VariantName = "[No Variations]"
Change component parameters (AddParameter): Name = "Value"; Value = "10uF"; VariantName = "[No Variations]"
Change component parameters (AddParameter): Name = "Volt"; Value = "10V"; VariantName = "[No Variations]"
Change component parameters: Designator = "C3" ("C2"); Footprint = "CSMD0603"; UniqueID = "\GCYONOBX" ("\GCYONOBX")
Change component parameters (AddParameter): Name = "EMF_PN"; Value = "CX7R-24"; VariantName = "[No Variations]"
Change component parameters (AddParameter): Name = "Manufacturer Part Number 1"; Value = "C0603C104K5RAC"; VariantName = "[No Variations]"
Change component parameters (AddParameter): Name = "Tol"; Value = "0.05"; VariantName = "[No Variations]"
Change component parameters (AddParameter): Name = "Type"; Value = "CX7R"; VariantName = "[No Variations]"
Change component parameters (AddParameter): Name = "Value"; Value = "100nF"; VariantName = "[No Variations]"
Change component parameters (AddParameter): Name = "Volt"; Value = "50V"; VariantName = "[No Variations]"
Change component parameters: Designator = "C5" ("C3"); Footprint = "CSMD0603"; UniqueID = "\QSNOLWWA" ("\QSNOLWWA")
Change component parameters (AddParameter): Name = "EMF_PN"; Value = "CX7R-24"; VariantName = "[No Variations]"
Change component parameters (AddParameter): Name = "Manufacturer Part Number 1"; Value = "C0603C104K5RAC"; VariantName = "[No Variations]"
Change component parameters (AddParameter): Name = "Tol"; Value = "0.05"; VariantName = "[No Variations]"
Change component parameters (AddParameter): Name = "Type"; Value = "CX7R"; VariantName = "[No Variations]"
Change component parameters (AddParameter): Name = "Value"; Value = "100nF"; VariantName = "[No Variations]"
Change component parameters (AddParameter): Name = "Volt"; Value = "50V"; VariantName = "[No Variations]"
Change component parameters: Designator = "C6" ("C4"); Footprint = "CSMD0603"; UniqueID = "\BZUAOHJF" ("\BZUAOHJF")
Change component parameters (AddParameter): Name = "EMF_PN"; Value = "CER-HV-12"; VariantName = "[No Variations]"
Change component parameters (AddParameter): Name = "Manufacturer Part Number 1"; Value = "C0603C105K4RAC"; VariantName = "[No Variations]"
Change component parameters (AddParameter): Name = "Tol"; Value = "0.1"; VariantName = "[No Variations]"
Change component parameters (AddParameter): Name = "Type"; Value = "CX7R"; VariantName = "[No Variations]"
Change component parameters (AddParameter): Name = "Value"; Value = "1uF"; VariantName = "[No Variations]"
Change component parameters (AddParameter): Name = "Volt"; Value = "16V"; VariantName = "[No Variations]"
Change component parameters: Designator = "C7" ("C5"); Footprint = "CSMD0603"; UniqueID = "\IMKMRIKM" ("\IMKMRIKM")
Change component parameters (AddParameter): Name = "EMF_PN"; Value = "CX7R-24"; VariantName = "[No Variations]"
Change component parameters (AddParameter): Name = "Manufacturer Part Number 1"; Value = "C0603C104K5RAC"; VariantName = "[No Variations]"
Change component parameters (AddParameter): Name = "Tol"; Value = "0.05"; VariantName = "[No Variations]"
Change component parameters (AddParameter): Name = "Type"; Value = "CX7R"; VariantName = "[No Variations]"
Change component parameters (AddParameter): Name = "Value"; Value = "100nF"; VariantName = "[No Variations]"
Change component parameters (AddParameter): Name = "Volt"; Value = "50V"; VariantName = "[No Variations]"
Change component parameters: Designator = "C9" ("C9"); Footprint = "CSMD0603"; UniqueID = "\AYJHXDSP" ("\AYJHXDSP")
Change component parameters (AddParameter): Name = "EMF_PN"; Value = "CX7R-24"; VariantName = "[No Variations]"
Change component parameters (AddParameter): Name = "Manufacturer Part Number 1"; Value = "C0603C104K5RAC"; VariantName = "[No Variations]"
Change component parameters (AddParameter): Name = "Tol"; Value = "0.05"; VariantName = "[No Variations]"
Change component parameters (AddParameter): Name = "Type"; Value = "CX7R"; VariantName = "[No Variations]"
Change component parameters (AddParameter): Name = "Value"; Value = "100nF"; VariantName = "[No Variations]"
Change component parameters (AddParameter): Name = "Volt"; Value = "50V"; VariantName = "[No Variations]"
Change component parameters: Designator = "K1" ("K1"); Footprint = "LQFP64"; UniqueID = "\NKTIFPNV" ("\NKTIFPNV")
Change component parameters: Designator = "R3" ("R8"); Footprint = "RSMD0603"; UniqueID = "\ASLGWGBR" ("\ASLGWGBR")
Change component parameters (AddParameter): Name = "EMF_PN"; Value = "RSMD0603-26"; VariantName = "[No Variations]"
Change component parameters (AddParameter): Name = "Power"; Value = "60mW"; VariantName = "[No Variations]"
Change component parameters (AddParameter): Name = "Stab(ppm)"; Value = "100"; VariantName = "[No Variations]"
Change component parameters (AddParameter): Name = "Tol"; Value = "0.01"; VariantName = "[No Variations]"
Change component parameters (AddParameter): Name = "Type"; Value = "RSMD-0603"; VariantName = "[No Variations]"
Change component parameters (AddParameter): Name = "Value"; Value = "10K"; VariantName = "[No Variations]"
Change component parameters: Designator = "R4" ("R7"); Footprint = "RSMD0603"; UniqueID = "\IBIKFJZC" ("\IBIKFJZC")
Change component parameters (AddParameter): Name = "EMF_PN"; Value = "RSMD0603-26"; VariantName = "[No Variations]"
Change component parameters (AddParameter): Name = "Power"; Value = "60mW"; VariantName = "[No Variations]"
Change component parameters (AddParameter): Name = "Stab(ppm)"; Value = "100"; VariantName = "[No Variations]"
Change component parameters (AddParameter): Name = "Tol"; Value = "0.01"; VariantName = "[No Variations]"
Change component parameters (AddParameter): Name = "Type"; Value = "RSMD-0603"; VariantName = "[No Variations]"
Change component parameters (AddParameter): Name = "Value"; Value = "10K"; VariantName = "[No Variations]"
Change component parameters: Designator = "R5" ("R5"); Footprint = "RSMD0603"; UniqueID = "\CMZHSECX" ("\CMZHSECX")
Change component parameters (AddParameter): Name = "EMF_PN"; Value = "RSMD0603-26"; VariantName = "[No Variations]"
Change component parameters (AddParameter): Name = "Power"; Value = "60mW"; VariantName = "[No Variations]"
Change component parameters (AddParameter): Name = "Stab(ppm)"; Value = "100"; VariantName = "[No Variations]"
Change component parameters (AddParameter): Name = "Tol"; Value = "0.01"; VariantName = "[No Variations]"
Change component parameters (AddParameter): Name = "Type"; Value = "RSMD-0603"; VariantName = "[No Variations]"
Change component parameters (AddParameter): Name = "Value"; Value = "10K"; VariantName = "[No Variations]"
Change component parameters: Designator = "R10" ("R10"); Footprint = "RSMD0603"; UniqueID = "\DFISRUNP" ("\DFISRUNP")
Change component parameters (AddParameter): Name = "EMF_PN"; Value = "RSMD0603-26"; VariantName = "[No Variations]"
Change component parameters (AddParameter): Name = "Power"; Value = "60mW"; VariantName = "[No Variations]"
Change component parameters (AddParameter): Name = "Stab(ppm)"; Value = "100"; VariantName = "[No Variations]"
Change component parameters (AddParameter): Name = "Tol"; Value = "0.01"; VariantName = "[No Variations]"
Change component parameters (AddParameter): Name = "Type"; Value = "RSMD-0603"; VariantName = "[No Variations]"
Change component parameters (AddParameter): Name = "Value"; Value = "10K"; VariantName = "[No Variations]"
Change component parameters: Designator = "R11" ("R11"); Footprint = "RSMD0603"; UniqueID = "\FSZDLQMP" ("\FSZDLQMP")
Change component parameters (AddParameter): Name = "EMF_PN"; Value = "RSMD0603-26"; VariantName = "[No Variations]"
Change component parameters (AddParameter): Name = "Power"; Value = "60mW"; VariantName = "[No Variations]"
Change component parameters (AddParameter): Name = "Stab(ppm)"; Value = "100"; VariantName = "[No Variations]"
Change component parameters (AddParameter): Name = "Tol"; Value = "0.01"; VariantName = "[No Variations]"
Change component parameters (AddParameter): Name = "Type"; Value = "RSMD-0603"; VariantName = "[No Variations]"
Change component parameters (AddParameter): Name = "Value"; Value = "10K"; VariantName = "[No Variations]"
Change component parameters: Designator = "R12" ("R12"); Footprint = "RSMD0603"; UniqueID = "\LQPKNGIR" ("\LQPKNGIR")
Change component parameters (AddParameter): Name = "EMF_PN"; Value = "RSMD0603-26"; VariantName = "[No Variations]"
Change component parameters (AddParameter): Name = "Power"; Value = "60mW"; VariantName = "[No Variations]"
Change component parameters (AddParameter): Name = "Stab(ppm)"; Value = "100"; VariantName = "[No Variations]"
Change component parameters (AddParameter): Name = "Tol"; Value = "0.01"; VariantName = "[No Variations]"
Change component parameters (AddParameter): Name = "Type"; Value = "RSMD-0603"; VariantName = "[No Variations]"
Change component parameters (AddParameter): Name = "Value"; Value = "10K"; VariantName = "[No Variations]"
Change component parameters: Designator = "R13" ("R3"); Footprint = "RSMD0603"; UniqueID = "\SHMSOUND" ("\SHMSOUND")
Change component parameters (AddParameter): Name = "EMF_PN"; Value = "RSMD0603-26"; VariantName = "[No Variations]"
Change component parameters (AddParameter): Name = "Power"; Value = "60mW"; VariantName = "[No Variations]"
Change component parameters (AddParameter): Name = "Stab(ppm)"; Value = "100"; VariantName = "[No Variations]"
Change component parameters (AddParameter): Name = "Tol"; Value = "0.01"; VariantName = "[No Variations]"
Change component parameters (AddParameter): Name = "Type"; Value = "RSMD-0603"; VariantName = "[No Variations]"
Change component parameters (AddParameter): Name = "Value"; Value = "10K"; VariantName = "[No Variations]"
Change component parameters: Designator = "R14" ("R9"); Footprint = "RSMD0603"; UniqueID = "\RSECBAWD" ("\RSECBAWD")
Change component parameters (AddParameter): Name = "EMF_PN"; Value = "RSMD0603-26"; VariantName = "[No Variations]"
Change component parameters (AddParameter): Name = "Power"; Value = "60mW"; VariantName = "[No Variations]"
Change component parameters (AddParameter): Name = "Stab(ppm)"; Value = "100"; VariantName = "[No Variations]"
Change component parameters (AddParameter): Name = "Tol"; Value = "0.01"; VariantName = "[No Variations]"
Change component parameters (AddParameter): Name = "Type"; Value = "RSMD-0603"; VariantName = "[No Variations]"
Change component parameters (AddParameter): Name = "Value"; Value = "10K"; VariantName = "[No Variations]"
Change component parameters: Designator = "R15" ("R2"); Footprint = "RSMD0603"; UniqueID = "\BOBXAURW" ("\BOBXAURW")
Change component parameters (AddParameter): Name = "EMF_PN"; Value = "RSMD0603-26"; VariantName = "[No Variations]"
Change component parameters (AddParameter): Name = "Power"; Value = "60mW"; VariantName = "[No Variations]"
Change component parameters (AddParameter): Name = "Stab(ppm)"; Value = "100"; VariantName = "[No Variations]"
Change component parameters (AddParameter): Name = "Tol"; Value = "0.01"; VariantName = "[No Variations]"
Change component parameters (AddParameter): Name = "Type"; Value = "RSMD-0603"; VariantName = "[No Variations]"
Change component parameters (AddParameter): Name = "Value"; Value = "10K"; VariantName = "[No Variations]"
Change component parameters: Designator = "R16" ("R6"); Footprint = "RSMD0603"; UniqueID = "\XNWCBIFF" ("\XNWCBIFF")
Change component parameters (AddParameter): Name = "EMF_PN"; Value = "RSMD0603-26"; VariantName = "[No Variations]"
Change component parameters (AddParameter): Name = "Power"; Value = "60mW"; VariantName = "[No Variations]"
Change component parameters (AddParameter): Name = "Stab(ppm)"; Value = "100"; VariantName = "[No Variations]"
Change component parameters (AddParameter): Name = "Tol"; Value = "0.01"; VariantName = "[No Variations]"
Change component parameters (AddParameter): Name = "Type"; Value = "RSMD-0603"; VariantName = "[No Variations]"
Change component parameters (AddParameter): Name = "Value"; Value = "10K"; VariantName = "[No Variations]"
Change component parameters: Designator = "R21" ("R21"); Footprint = "RSMD0603"; UniqueID = "\HEFAPLLU" ("\HEFAPLLU")
Change component parameters (AddParameter): Name = "EMF_PN"; Value = "RSMD0603-04"; VariantName = "[No Variations]"
Change component parameters (AddParameter): Name = "Power"; Value = "60mW"; VariantName = "[No Variations]"
Change component parameters (AddParameter): Name = "Stab(ppm)"; Value = "100"; VariantName = "[No Variations]"
Change component parameters (AddParameter): Name = "Tol"; Value = "0.01"; VariantName = "[No Variations]"
Change component parameters (AddParameter): Name = "Type"; Value = "RSMD-0603"; VariantName = "[No Variations]"
Change component parameters (AddParameter): Name = "Value"; Value = "150E"; VariantName = "[No Variations]"
Change component parameters: Designator = "R22" ("R22"); Footprint = "RSMD0603"; UniqueID = "\CXUVCEKX" ("\CXUVCEKX")
Change component parameters (AddParameter): Name = "EMF_PN"; Value = "RSMD0603-04"; VariantName = "[No Variations]"
Change component parameters (AddParameter): Name = "Power"; Value = "60mW"; VariantName = "[No Variations]"
Change component parameters (AddParameter): Name = "Stab(ppm)"; Value = "100"; VariantName = "[No Variations]"
Change component parameters (AddParameter): Name = "Tol"; Value = "0.01"; VariantName = "[No Variations]"
Change component parameters (AddParameter): Name = "Type"; Value = "RSMD-0603"; VariantName = "[No Variations]"
Change component parameters (AddParameter): Name = "Value"; Value = "150E"; VariantName = "[No Variations]"
Change component parameters: Designator = "X1" ("X1"); Footprint = "CONN_MICROMATCH_6-POL"; UniqueID = "\KETYFSSW" ("\KETYFSSW")
Added Component: Designator=C6(CSMD0603)
Add component (AddParameter): Name = "EMF_PN"; Value = "CX7R-24"; VariantName = "[No Variations]"
Add component (AddParameter): Name = "Manufacturer Part Number 1"; Value = "C0603C104K5RAC"; VariantName = "[No Variations]"
Add component (AddParameter): Name = "Tol"; Value = "0.05"; VariantName = "[No Variations]"
Add component (AddParameter): Name = "Type"; Value = "CX7R"; VariantName = "[No Variations]"
Add component (AddParameter): Name = "Value"; Value = "100nF"; VariantName = "[No Variations]"
Add component (AddParameter): Name = "Volt"; Value = "50V"; VariantName = "[No Variations]"
Added Component: Designator=C12(CSMD0603)
Add component (AddParameter): Name = "EMF_PN"; Value = "CER-HV-12"; VariantName = "[No Variations]"
Add component (AddParameter): Name = "Manufacturer Part Number 1"; Value = "C0603C105K4RAC"; VariantName = "[No Variations]"
Add component (AddParameter): Name = "Tol"; Value = "0.1"; VariantName = "[No Variations]"
Add component (AddParameter): Name = "Type"; Value = "CX7R"; VariantName = "[No Variations]"
Add component (AddParameter): Name = "Value"; Value = "1uF"; VariantName = "[No Variations]"
Add component (AddParameter): Name = "Volt"; Value = "16V"; VariantName = "[No Variations]"
Added Component: Designator=C13(CSMD0603)
Add component (AddParameter): Name = "EMF_PN"; Value = "CER-HV-12"; VariantName = "[No Variations]"
Add component (AddParameter): Name = "Manufacturer Part Number 1"; Value = "C0603C105K4RAC"; VariantName = "[No Variations]"
Add component (AddParameter): Name = "Tol"; Value = "0.1"; VariantName = "[No Variations]"
Add component (AddParameter): Name = "Type"; Value = "CX7R"; VariantName = "[No Variations]"
Add component (AddParameter): Name = "Value"; Value = "1uF"; VariantName = "[No Variations]"
Add component (AddParameter): Name = "Volt"; Value = "16V"; VariantName = "[No Variations]"
Added Component: Designator=D15(TouchPAD-8mm+LED 4-SMD CIR)
Added Component: Designator=D16(TouchPAD-8mm+LED 4-SMD CIR)
Added Component: Designator=D17(TouchPAD-8mm+LED 4-SMD CIR)
Added Component: Designator=D18(TouchPAD-8mm+LED 4-SMD CIR)
Added Component: Designator=D19(TouchPAD-8mm+LED 4-SMD CIR)
Added Component: Designator=D20(TouchPAD-8mm+LED 4-SMD CIR)
Added Component: Designator=D21(TouchPAD-8mm+LED 4-SMD CIR)
Added Component: Designator=D22(TouchPAD-8mm+LED 4-SMD CIR)
Added Component: Designator=D23(TouchPAD-8mm+LED 4-SMD CIR)
Added Component: Designator=D24(TouchPAD-8mm+LED 4-SMD CIR)
Added Component: Designator=D25(SOD-123)
Added Component: Designator=K2(SOT95P240X88-3N)
Added Component: Designator=Q1(D PAK)
Added Component: Designator=R13(RSMD0603)
Add component (AddParameter): Name = "EMF_PN"; Value = "RSMD0603-26"; VariantName = "[No Variations]"
Add component (AddParameter): Name = "Power"; Value = "60mW"; VariantName = "[No Variations]"
Add component (AddParameter): Name = "Stab(ppm)"; Value = "100"; VariantName = "[No Variations]"
Add component (AddParameter): Name = "Tol"; Value = "0.01"; VariantName = "[No Variations]"
Add component (AddParameter): Name = "Type"; Value = "RSMD-0603"; VariantName = "[No Variations]"
Add component (AddParameter): Name = "Value"; Value = "10K"; VariantName = "[No Variations]"
Added Component: Designator=R14(RSMD0603)
Add component (AddParameter): Name = "EMF_PN"; Value = "RSMD0603-06"; VariantName = "[No Variations]"
Add component (AddParameter): Name = "Power"; Value = "60mW"; VariantName = "[No Variations]"
Add component (AddParameter): Name = "Stab(ppm)"; Value = "100"; VariantName = "[No Variations]"
Add component (AddParameter): Name = "Tol"; Value = "0.01"; VariantName = "[No Variations]"
Add component (AddParameter): Name = "Type"; Value = "RSMD-0603"; VariantName = "[No Variations]"
Add component (AddParameter): Name = "Value"; Value = "220E"; VariantName = "[No Variations]"
Added Component: Designator=R15(RSMD0603)
Added Component: Designator=R16(RSMD0603)
Added Component: Designator=R23(RSMD0603)
Add component (AddParameter): Name = "EMF_PN"; Value = "RSMD0603-04"; VariantName = "[No Variations]"
Add component (AddParameter): Name = "Power"; Value = "60mW"; VariantName = "[No Variations]"
Add component (AddParameter): Name = "Stab(ppm)"; Value = "100"; VariantName = "[No Variations]"
Add component (AddParameter): Name = "Tol"; Value = "0.01"; VariantName = "[No Variations]"
Add component (AddParameter): Name = "Type"; Value = "RSMD-0603"; VariantName = "[No Variations]"
Add component (AddParameter): Name = "Value"; Value = "150E"; VariantName = "[No Variations]"
Added Component: Designator=R24(RSMD0603)
Add component (AddParameter): Name = "EMF_PN"; Value = "RSMD0603-04"; VariantName = "[No Variations]"
Add component (AddParameter): Name = "Power"; Value = "60mW"; VariantName = "[No Variations]"
Add component (AddParameter): Name = "Stab(ppm)"; Value = "100"; VariantName = "[No Variations]"
Add component (AddParameter): Name = "Tol"; Value = "0.01"; VariantName = "[No Variations]"
Add component (AddParameter): Name = "Type"; Value = "RSMD-0603"; VariantName = "[No Variations]"
Add component (AddParameter): Name = "Value"; Value = "150E"; VariantName = "[No Variations]"
Added Component: Designator=R25(RSMD0603)
Add component (AddParameter): Name = "EMF_PN"; Value = "RSMD0603-04"; VariantName = "[No Variations]"
Add component (AddParameter): Name = "Power"; Value = "60mW"; VariantName = "[No Variations]"
Add component (AddParameter): Name = "Stab(ppm)"; Value = "100"; VariantName = "[No Variations]"
Add component (AddParameter): Name = "Tol"; Value = "0.01"; VariantName = "[No Variations]"
Add component (AddParameter): Name = "Type"; Value = "RSMD-0603"; VariantName = "[No Variations]"
Add component (AddParameter): Name = "Value"; Value = "150E"; VariantName = "[No Variations]"
Added Component: Designator=R26(RSMD0603)
Add component (AddParameter): Name = "EMF_PN"; Value = "RSMD0603-04"; VariantName = "[No Variations]"
Add component (AddParameter): Name = "Power"; Value = "60mW"; VariantName = "[No Variations]"
Add component (AddParameter): Name = "Stab(ppm)"; Value = "100"; VariantName = "[No Variations]"
Add component (AddParameter): Name = "Tol"; Value = "0.01"; VariantName = "[No Variations]"
Add component (AddParameter): Name = "Type"; Value = "RSMD-0603"; VariantName = "[No Variations]"
Add component (AddParameter): Name = "Value"; Value = "150E"; VariantName = "[No Variations]"
Added Component: Designator=R27(RSMD0603)
Add component (AddParameter): Name = "EMF_PN"; Value = "RSMD0603-04"; VariantName = "[No Variations]"
Add component (AddParameter): Name = "Power"; Value = "60mW"; VariantName = "[No Variations]"
Add component (AddParameter): Name = "Stab(ppm)"; Value = "100"; VariantName = "[No Variations]"
Add component (AddParameter): Name = "Tol"; Value = "0.01"; VariantName = "[No Variations]"
Add component (AddParameter): Name = "Type"; Value = "RSMD-0603"; VariantName = "[No Variations]"
Add component (AddParameter): Name = "Value"; Value = "150E"; VariantName = "[No Variations]"
Added Component: Designator=S1(Switch Slide DPDT)
Added Component: Designator=TP3(TP10_22)
Add component (AddParameter): Name = "EMF_PN"; Value = "TP-06"; VariantName = "[No Variations]"
Add component (AddParameter): Name = "Manufacturer 1"; Value = "Keystone Electronics"; VariantName = "[No Variations]"
Add component (AddParameter): Name = "Manufacturer Part Number 1"; Value = "5116"; VariantName = "[No Variations]"
Add component (AddParameter): Name = "Type"; Value = "TP"; VariantName = "[No Variations]"
Add component (AddParameter): Name = "Value"; Value = "TP vert"; VariantName = "[No Variations]"
Added Component: Designator=TP4(TP10_22)
Add component (AddParameter): Name = "EMF_PN"; Value = "TP-06"; VariantName = "[No Variations]"
Add component (AddParameter): Name = "Manufacturer 1"; Value = "Keystone Electronics"; VariantName = "[No Variations]"
Add component (AddParameter): Name = "Manufacturer Part Number 1"; Value = "5116"; VariantName = "[No Variations]"
Add component (AddParameter): Name = "Type"; Value = "TP"; VariantName = "[No Variations]"
Add component (AddParameter): Name = "Value"; Value = "TP vert"; VariantName = "[No Variations]"
Added Component: Designator=TP5(TP10_22)
Add component (AddParameter): Name = "EMF_PN"; Value = "TP-06"; VariantName = "[No Variations]"
Add component (AddParameter): Name = "Manufacturer 1"; Value = "Keystone Electronics"; VariantName = "[No Variations]"
Add component (AddParameter): Name = "Manufacturer Part Number 1"; Value = "5116"; VariantName = "[No Variations]"
Add component (AddParameter): Name = "Type"; Value = "TP"; VariantName = "[No Variations]"
Add component (AddParameter): Name = "Value"; Value = "TP vert"; VariantName = "[No Variations]"
Added Component: Designator=TP6(TP10_22)
Add component (AddParameter): Name = "EMF_PN"; Value = "TP-06"; VariantName = "[No Variations]"
Add component (AddParameter): Name = "Manufacturer 1"; Value = "Keystone Electronics"; VariantName = "[No Variations]"
Add component (AddParameter): Name = "Manufacturer Part Number 1"; Value = "5116"; VariantName = "[No Variations]"
Add component (AddParameter): Name = "Type"; Value = "TP"; VariantName = "[No Variations]"
Add component (AddParameter): Name = "Value"; Value = "TP vert"; VariantName = "[No Variations]"
Added Component: Designator=TP7(TP10_22)
Add component (AddParameter): Name = "EMF_PN"; Value = "TP-04"; VariantName = "[No Variations]"
Add component (AddParameter): Name = "Manufacturer 1"; Value = "Keystone Electronics"; VariantName = "[No Variations]"
Add component (AddParameter): Name = "Manufacturer Part Number 1"; Value = "5000"; VariantName = "[No Variations]"
Add component (AddParameter): Name = "Type"; Value = "TP"; VariantName = "[No Variations]"
Add component (AddParameter): Name = "Value"; Value = "TP rouge"; VariantName = "[No Variations]"
Added Component: Designator=TP8(TP10_22)
Add component (AddParameter): Name = "EMF_PN"; Value = "TP-03"; VariantName = "[No Variations]"
Add component (AddParameter): Name = "Manufacturer 1"; Value = "Keystone Electronics"; VariantName = "[No Variations]"
Add component (AddParameter): Name = "Manufacturer Part Number 1"; Value = "5001"; VariantName = "[No Variations]"
Add component (AddParameter): Name = "Type"; Value = "TP"; VariantName = "[No Variations]"
Add component (AddParameter): Name = "Value"; Value = "TP noir"; VariantName = "[No Variations]"
Added Component: Designator=X2(GCT_USB4520-03-0-A_REVA)
Added Pin To Net: NetName=VCC Pin=C6-1
Added Pin To Net: NetName=GND Pin=C6-2
Added Pin To Net: NetName=NetC10_1 Pin=C10-1
Added Pin To Net: NetName=GND Pin=C12-1
Added Pin To Net: NetName=GND Pin=C13-1
Added Pin To Net: NetName=NetD1_2 Pin=D13-2
Added Pin To Net: NetName=NetD1_2 Pin=D13-3
Added Pin To Net: NetName=C1_TOUCH Pin=D13-6
Added Pin To Net: NetName=C1_TOUCH Pin=D13-6
Added Pin To Net: NetName=NetD13_1 Pin=D14-1
Added Pin To Net: NetName=NetD2_2 Pin=D14-2
Added Pin To Net: NetName=NetD2_2 Pin=D14-3
Added Pin To Net: NetName=NetD13_1 Pin=D14-4
Added Pin To Net: NetName=C2_TOUCH Pin=D14-6
Added Pin To Net: NetName=C2_TOUCH Pin=D14-6
Added Pin To Net: NetName=NetD13_1 Pin=D15-1
Added Pin To Net: NetName=NetD3_2 Pin=D15-2
Added Pin To Net: NetName=NetD3_2 Pin=D15-3
Added Pin To Net: NetName=NetD13_1 Pin=D15-4
Added Pin To Net: NetName=C3_TOUCH Pin=D15-6
Added Pin To Net: NetName=C3_TOUCH Pin=D15-6
Added Pin To Net: NetName=NetD1_2 Pin=D16-2
Added Pin To Net: NetName=NetD1_2 Pin=D16-3
Added Pin To Net: NetName=C1_TOUCH Pin=D16-6
Added Pin To Net: NetName=C1_TOUCH Pin=D16-6
Added Pin To Net: NetName=NetD2_2 Pin=D17-2
Added Pin To Net: NetName=NetD2_2 Pin=D17-3
Added Pin To Net: NetName=C2_TOUCH Pin=D17-6
Added Pin To Net: NetName=C2_TOUCH Pin=D17-6
Added Pin To Net: NetName=NetD3_2 Pin=D18-2
Added Pin To Net: NetName=NetD3_2 Pin=D18-3
Added Pin To Net: NetName=C3_TOUCH Pin=D18-6
Added Pin To Net: NetName=C3_TOUCH Pin=D18-6
Added Pin To Net: NetName=NetD1_2 Pin=D19-2
Added Pin To Net: NetName=NetD1_2 Pin=D19-3
Added Pin To Net: NetName=C1_TOUCH Pin=D19-6
Added Pin To Net: NetName=C1_TOUCH Pin=D19-6
Added Pin To Net: NetName=NetD2_2 Pin=D20-2
Added Pin To Net: NetName=NetD2_2 Pin=D20-3
Added Pin To Net: NetName=C2_TOUCH Pin=D20-6
Added Pin To Net: NetName=C2_TOUCH Pin=D20-6
Added Pin To Net: NetName=NetD3_2 Pin=D21-2
Added Pin To Net: NetName=NetD3_2 Pin=D21-3
Added Pin To Net: NetName=C3_TOUCH Pin=D21-6
Added Pin To Net: NetName=C3_TOUCH Pin=D21-6
Added Pin To Net: NetName=NetD1_2 Pin=D22-2
Added Pin To Net: NetName=NetD1_2 Pin=D22-3
Added Pin To Net: NetName=C1_TOUCH Pin=D22-6
Added Pin To Net: NetName=C1_TOUCH Pin=D22-6
Added Pin To Net: NetName=NetD2_2 Pin=D23-2
Added Pin To Net: NetName=NetD2_2 Pin=D23-3
Added Pin To Net: NetName=C2_TOUCH Pin=D23-6
Added Pin To Net: NetName=C2_TOUCH Pin=D23-6
Added Pin To Net: NetName=NetD3_2 Pin=D24-2
Added Pin To Net: NetName=NetD3_2 Pin=D24-3
Added Pin To Net: NetName=C3_TOUCH Pin=D24-6
Added Pin To Net: NetName=C3_TOUCH Pin=D24-6
Added Pin To Net: NetName=GND Pin=K1-8
Added Pin To Net: NetName=VCC Pin=K1-9
Added Pin To Net: NetName=C1 Pin=K1-11
Added Pin To Net: NetName=C2 Pin=K1-12
Added Pin To Net: NetName=C3 Pin=K1-13
Added Pin To Net: NetName=L1 Pin=K1-15
Added Pin To Net: NetName=L3 Pin=K1-17
Added Pin To Net: NetName=GND Pin=K1-23
Added Pin To Net: NetName=VCC Pin=K1-24
Added Pin To Net: NetName=C1_LED Pin=K1-29
Added Pin To Net: NetName=L4 Pin=K1-31
Added Pin To Net: NetName=SWDIO Pin=K1-34
Added Pin To Net: NetName=GND Pin=K1-35
Added Pin To Net: NetName=SWCLK Pin=K1-37
Added Pin To Net: NetName=C2_LED Pin=K1-38
Added Pin To Net: NetName=C3_LED Pin=K1-39
Added Pin To Net: NetName=L1_LED Pin=K1-40
Added Pin To Net: NetName=L2_LED Pin=K1-41
Added Pin To Net: NetName=L3_LED Pin=K1-42
Added Pin To Net: NetName=L4_LED Pin=K1-43
Added Pin To Net: NetName=GND Pin=K1-44
Added Pin To Net: NetName=GND Pin=K2-1
Added Pin To Net: NetName=GND Pin=R14-2
Added Pin To Net: NetName=GND Pin=R15-1
Added Pin To Net: NetName=GND Pin=R16-1
Added Pin To Net: NetName=C1_LED Pin=R17-1
Added Pin To Net: NetName=NetD1_2 Pin=R17-2
Added Pin To Net: NetName=C2_LED Pin=R18-1
Added Pin To Net: NetName=NetD2_2 Pin=R18-2
Added Pin To Net: NetName=C3_LED Pin=R19-1
Added Pin To Net: NetName=NetD3_2 Pin=R19-2
Added Pin To Net: NetName=NetD1_1 Pin=R20-1
Added Pin To Net: NetName=L1_LED Pin=R20-2
Added Pin To Net: NetName=NetD4_1 Pin=R21-1
Added Pin To Net: NetName=L2_LED Pin=R21-2
Added Pin To Net: NetName=NetD7_1 Pin=R22-1
Added Pin To Net: NetName=L3_LED Pin=R22-2
Added Pin To Net: NetName=NetD10_1 Pin=R23-1
Added Pin To Net: NetName=L4_LED Pin=R23-2
Added Pin To Net: NetName=NetD13_1 Pin=R24-1
Added Pin To Net: NetName=VCC Pin=S1-3
Added Pin To Net: NetName=NetC10_1 Pin=TP4-1
Added Pin To Net: NetName=VCC Pin=TP8-1
Added Pin To Net: NetName=VCC Pin=X1-1
Added Pin To Net: NetName=SWDIO Pin=X1-2
Added Pin To Net: NetName=SWCLK Pin=X1-4
Added Pin To Net: NetName=GND Pin=X1-5
Added Pin To Net: NetName=GND Pin=X2-A1_B12
Added Pin To Net: NetName=GND Pin=X2-B1_A12
Added Pin To Net: NetName=GND Pin=X2-S1
Added Pin To Net: NetName=GND Pin=X2-S2
Added Pin To Net: NetName=GND Pin=X2-S3
Added Pin To Net: NetName=GND Pin=X2-S4
Added Pin To Net: NetName=L5_LED Pin=K1-45
Added Pin To Net: NetName=L5_LED Pin=R24-2
Added Net: Name=L5_LED
Added Pin To Net: NetName=L5_TOUCH Pin=D13-5
Added Pin To Net: NetName=L5_TOUCH Pin=D13-5
Added Pin To Net: NetName=L5_TOUCH Pin=D14-5
Added Pin To Net: NetName=L5_TOUCH Pin=D14-5
Added Pin To Net: NetName=L5_TOUCH Pin=D15-5
Added Pin To Net: NetName=L5_TOUCH Pin=D15-5
Added Pin To Net: NetName=L5_TOUCH Pin=R10-2
Added Net: Name=L5_TOUCH
Added Pin To Net: NetName=L5 Pin=K1-32
Added Pin To Net: NetName=L5 Pin=R10-1
Added Net: Name=L5
Added Pin To Net: NetName=L6_LED Pin=K1-46
Added Pin To Net: NetName=L6_LED Pin=R25-2
Added Net: Name=L6_LED
Added Pin To Net: NetName=L6_TOUCH Pin=D16-5
Added Pin To Net: NetName=L6_TOUCH Pin=D16-5
Added Pin To Net: NetName=L6_TOUCH Pin=D17-5
Added Pin To Net: NetName=L6_TOUCH Pin=D17-5
Added Pin To Net: NetName=L6_TOUCH Pin=D18-5
Added Pin To Net: NetName=L6_TOUCH Pin=D18-5
Added Pin To Net: NetName=L6_TOUCH Pin=R11-2
Added Net: Name=L6_TOUCH
Added Pin To Net: NetName=L6 Pin=K1-33
Added Pin To Net: NetName=L6 Pin=R11-1
Added Net: Name=L6
Added Pin To Net: NetName=L7_LED Pin=K1-21
Added Pin To Net: NetName=L7_LED Pin=R26-2
Added Net: Name=L7_LED
Added Pin To Net: NetName=L7_TOUCH Pin=D19-5
Added Pin To Net: NetName=L7_TOUCH Pin=D19-5
Added Pin To Net: NetName=L7_TOUCH Pin=D20-5
Added Pin To Net: NetName=L7_TOUCH Pin=D20-5
Added Pin To Net: NetName=L7_TOUCH Pin=D21-5
Added Pin To Net: NetName=L7_TOUCH Pin=D21-5
Added Pin To Net: NetName=L7_TOUCH Pin=R12-2
Added Net: Name=L7_TOUCH
Added Pin To Net: NetName=L7 Pin=K1-19
Added Pin To Net: NetName=L7 Pin=R12-1
Added Net: Name=L7
Added Pin To Net: NetName=L8_LED Pin=K1-22
Added Pin To Net: NetName=L8_LED Pin=R27-2
Added Net: Name=L8_LED
Added Pin To Net: NetName=L8_TOUCH Pin=D22-5
Added Pin To Net: NetName=L8_TOUCH Pin=D22-5
Added Pin To Net: NetName=L8_TOUCH Pin=D23-5
Added Pin To Net: NetName=L8_TOUCH Pin=D23-5
Added Pin To Net: NetName=L8_TOUCH Pin=D24-5
Added Pin To Net: NetName=L8_TOUCH Pin=D24-5
Added Pin To Net: NetName=L8_TOUCH Pin=R13-2
Added Net: Name=L8_TOUCH
Added Pin To Net: NetName=L8 Pin=K1-20
Added Pin To Net: NetName=L8 Pin=R13-1
Added Net: Name=L8
Added Pin To Net: NetName=NetC7_1 Pin=C7-1
Added Pin To Net: NetName=NetC7_1 Pin=K1-10
Added Pin To Net: NetName=NetC7_1 Pin=TP3-1
Added Net: Name=NetC7_1
Added Pin To Net: NetName=NetC8_1 Pin=C8-1
Added Pin To Net: NetName=NetC8_1 Pin=K1-18
Added Pin To Net: NetName=NetC8_1 Pin=TP6-1
Added Net: Name=NetC8_1
Added Pin To Net: NetName=NetC11_1 Pin=C11-1
Added Pin To Net: NetName=NetC11_1 Pin=K1-30
Added Pin To Net: NetName=NetC11_1 Pin=TP5-1
Added Net: Name=NetC11_1
Added Pin To Net: NetName=NetC12_2 Pin=C12-2
Added Pin To Net: NetName=NetC12_2 Pin=K2-2
Added Pin To Net: NetName=NetC12_2 Pin=S1-2
Added Pin To Net: NetName=NetC12_2 Pin=TP7-1
Added Net: Name=NetC12_2
Added Pin To Net: NetName=NetC13_2 Pin=C13-2
Added Pin To Net: NetName=NetC13_2 Pin=D25-1
Added Pin To Net: NetName=NetC13_2 Pin=K2-3
Added Pin To Net: NetName=NetC13_2 Pin=Q1-3
Added Net: Name=NetC13_2
Added Pin To Net: NetName=NetD16_1 Pin=D16-1
Added Pin To Net: NetName=NetD16_1 Pin=D16-4
Added Pin To Net: NetName=NetD16_1 Pin=D17-1
Added Pin To Net: NetName=NetD16_1 Pin=D17-4
Added Pin To Net: NetName=NetD16_1 Pin=D18-1
Added Pin To Net: NetName=NetD16_1 Pin=D18-4
Added Pin To Net: NetName=NetD16_1 Pin=R25-1
Added Net: Name=NetD16_1
Added Pin To Net: NetName=NetD19_1 Pin=D19-1
Added Pin To Net: NetName=NetD19_1 Pin=D19-4
Added Pin To Net: NetName=NetD19_1 Pin=D20-1
Added Pin To Net: NetName=NetD19_1 Pin=D20-4
Added Pin To Net: NetName=NetD19_1 Pin=D21-1
Added Pin To Net: NetName=NetD19_1 Pin=D21-4
Added Pin To Net: NetName=NetD19_1 Pin=R26-1
Added Net: Name=NetD19_1
Added Pin To Net: NetName=NetD22_1 Pin=D22-1
Added Pin To Net: NetName=NetD22_1 Pin=D22-4
Added Pin To Net: NetName=NetD22_1 Pin=D23-1
Added Pin To Net: NetName=NetD22_1 Pin=D23-4
Added Pin To Net: NetName=NetD22_1 Pin=D24-1
Added Pin To Net: NetName=NetD22_1 Pin=D24-4
Added Pin To Net: NetName=NetD22_1 Pin=R27-1
Added Net: Name=NetD22_1
Added Pin To Net: NetName=NetD25_2 Pin=D25-2
Added Pin To Net: NetName=NetD25_2 Pin=Q1-1
Added Pin To Net: NetName=NetD25_2 Pin=R14-1
Added Net: Name=NetD25_2
Added Pin To Net: NetName=NetQ1_2 Pin=Q1-2
Added Pin To Net: NetName=NetQ1_2 Pin=TP1-1
Added Pin To Net: NetName=NetQ1_2 Pin=X2-A4_B9
Added Pin To Net: NetName=NetQ1_2 Pin=X2-B4_A9
Added Net: Name=NetQ1_2
Added Pin To Net: NetName=NetR1_2 Pin=R1-2
Added Pin To Net: NetName=NetR1_2 Pin=X1-3
Added Net: Name=NetR1_2
Added Pin To Net: NetName=NetR15_2 Pin=R15-2
Added Pin To Net: NetName=NetR15_2 Pin=X2-A5
Added Net: Name=NetR15_2
Added Pin To Net: NetName=NetR16_2 Pin=R16-2
Added Pin To Net: NetName=NetR16_2 Pin=X2-B5
Added Net: Name=NetR16_2
Change Class Name : Old Net Name=STM32-Touch-Test_TouchPAD_SCH New Net Name=jeu_du_moulin_boura_TouchPAD_SCH
Change Class Name : Old Net Name=STM32-Touch-Test_uP_SCH New Net Name=jeu_du_moulin_boura_uP_SCH
Added Class: Name=jeu_du_moulin_boura_LedMatrix_SCH
Added Member To Class: ClassName=jeu_du_moulin_boura_uP_SCH Member=Component C13 1uF
Added Member To Class: ClassName=jeu_du_moulin_boura_TouchPAD_SCH Member=Component D15 AAA3528SURKCGKC09
Added Member To Class: ClassName=jeu_du_moulin_boura_TouchPAD_SCH Member=Component D16 AAA3528SURKCGKC09
Added Member To Class: ClassName=jeu_du_moulin_boura_TouchPAD_SCH Member=Component D17 AAA3528SURKCGKC09
Added Member To Class: ClassName=jeu_du_moulin_boura_TouchPAD_SCH Member=Component D18 AAA3528SURKCGKC09
Added Member To Class: ClassName=jeu_du_moulin_boura_TouchPAD_SCH Member=Component D19 AAA3528SURKCGKC09
Added Member To Class: ClassName=jeu_du_moulin_boura_TouchPAD_SCH Member=Component D20 AAA3528SURKCGKC09
Added Member To Class: ClassName=jeu_du_moulin_boura_TouchPAD_SCH Member=Component D21 AAA3528SURKCGKC09
Added Member To Class: ClassName=jeu_du_moulin_boura_TouchPAD_SCH Member=Component D22 AAA3528SURKCGKC09
Added Member To Class: ClassName=jeu_du_moulin_boura_TouchPAD_SCH Member=Component D23 AAA3528SURKCGKC09
Added Member To Class: ClassName=jeu_du_moulin_boura_TouchPAD_SCH Member=Component D24 AAA3528SURKCGKC09
Added Member To Class: ClassName=jeu_du_moulin_boura_uP_SCH Member=Component D25 Zener 2.4V
Added Member To Class: ClassName=jeu_du_moulin_boura_uP_SCH Member=Component K2 Voltage Regulator 3.3V
Added Member To Class: ClassName=jeu_du_moulin_boura_uP_SCH Member=Component Q1 MOSFET Channel P
Added Member To Class: ClassName=jeu_du_moulin_boura_uP_SCH Member=Component R7 10K
Added Member To Class: ClassName=jeu_du_moulin_boura_uP_SCH Member=Component R8 10K
Added Member To Class: ClassName=jeu_du_moulin_boura_uP_SCH Member=Component R10 10K
Added Member To Class: ClassName=jeu_du_moulin_boura_uP_SCH Member=Component R11 10K
Added Member To Class: ClassName=jeu_du_moulin_boura_uP_SCH Member=Component R12 10K
Added Member To Class: ClassName=jeu_du_moulin_boura_uP_SCH Member=Component R14 220E
Added Member To Class: ClassName=jeu_du_moulin_boura_uP_SCH Member=Component R16 5.1k
Added Member To Class: ClassName=jeu_du_moulin_boura_uP_SCH Member=Component S1 SW_SPDT
Added Member To Class: ClassName=jeu_du_moulin_boura_uP_SCH Member=Component TP3 TP vert
Added Member To Class: ClassName=jeu_du_moulin_boura_uP_SCH Member=Component TP4 TP vert
Added Member To Class: ClassName=jeu_du_moulin_boura_uP_SCH Member=Component TP5 TP vert
Added Member To Class: ClassName=jeu_du_moulin_boura_uP_SCH Member=Component TP6 TP vert
Added Member To Class: ClassName=jeu_du_moulin_boura_uP_SCH Member=Component TP7 TP rouge
Added Member To Class: ClassName=jeu_du_moulin_boura_uP_SCH Member=Component TP8 TP noir
Added Member To Class: ClassName=jeu_du_moulin_boura_uP_SCH Member=Component X2 USB4520-03-0-A_REVA
Added Rule: Name=Schematic Width Constraint
Added Rule: Name=Schematic Width Constraint_1
Added Rule: Name=Schematic Width Constraint_2
Added Rule: Name=Schematic Width Constraint_3
