Added Component: Designator=C1(CSMD0805)
Add component (AddParameter): Name = "EMF_PN"; Value = "CER-HV-09"; VariantName = "[No Variations]"
Add component (AddParameter): Name = "Manufacturer Part Number 1"; Value = "C0805C106K8RAC"; VariantName = "[No Variations]"
Add component (AddParameter): Name = "Tol"; Value = "0.1"; VariantName = "[No Variations]"
Add component (AddParameter): Name = "Type"; Value = "CX7R"; VariantName = "[No Variations]"
Add component (AddParameter): Name = "Value"; Value = "10uF"; VariantName = "[No Variations]"
Add component (AddParameter): Name = "Volt"; Value = "10V"; VariantName = "[No Variations]"
Added Component: Designator=C2(CSMD0603)
Add component (AddParameter): Name = "EMF_PN"; Value = "CX7R-24"; VariantName = "[No Variations]"
Add component (AddParameter): Name = "Manufacturer Part Number 1"; Value = "C0603C104K5RAC"; VariantName = "[No Variations]"
Add component (AddParameter): Name = "Tol"; Value = "0.05"; VariantName = "[No Variations]"
Add component (AddParameter): Name = "Type"; Value = "CX7R"; VariantName = "[No Variations]"
Add component (AddParameter): Name = "Value"; Value = "100nF"; VariantName = "[No Variations]"
Add component (AddParameter): Name = "Volt"; Value = "50V"; VariantName = "[No Variations]"
Added Component: Designator=C3(CSMD0603)
Add component (AddParameter): Name = "EMF_PN"; Value = "CX7R-24"; VariantName = "[No Variations]"
Add component (AddParameter): Name = "Manufacturer Part Number 1"; Value = "C0603C104K5RAC"; VariantName = "[No Variations]"
Add component (AddParameter): Name = "Tol"; Value = "0.05"; VariantName = "[No Variations]"
Add component (AddParameter): Name = "Type"; Value = "CX7R"; VariantName = "[No Variations]"
Add component (AddParameter): Name = "Value"; Value = "100nF"; VariantName = "[No Variations]"
Add component (AddParameter): Name = "Volt"; Value = "50V"; VariantName = "[No Variations]"
Added Component: Designator=C4(CSMD0603)
Add component (AddParameter): Name = "EMF_PN"; Value = "CER-HV-12"; VariantName = "[No Variations]"
Add component (AddParameter): Name = "Manufacturer Part Number 1"; Value = "C0603C105K4RAC"; VariantName = "[No Variations]"
Add component (AddParameter): Name = "Tol"; Value = "0.1"; VariantName = "[No Variations]"
Add component (AddParameter): Name = "Type"; Value = "CX7R"; VariantName = "[No Variations]"
Add component (AddParameter): Name = "Value"; Value = "1uF"; VariantName = "[No Variations]"
Add component (AddParameter): Name = "Volt"; Value = "16V"; VariantName = "[No Variations]"
Added Component: Designator=C5(CSMD0603)
Add component (AddParameter): Name = "EMF_PN"; Value = "CX7R-24"; VariantName = "[No Variations]"
Add component (AddParameter): Name = "Manufacturer Part Number 1"; Value = "C0603C104K5RAC"; VariantName = "[No Variations]"
Add component (AddParameter): Name = "Tol"; Value = "0.05"; VariantName = "[No Variations]"
Add component (AddParameter): Name = "Type"; Value = "CX7R"; VariantName = "[No Variations]"
Add component (AddParameter): Name = "Value"; Value = "100nF"; VariantName = "[No Variations]"
Add component (AddParameter): Name = "Volt"; Value = "50V"; VariantName = "[No Variations]"
Added Component: Designator=C6(CSMD0603)
Add component (AddParameter): Name = "EMF_PN"; Value = "CX7R-24"; VariantName = "[No Variations]"
Add component (AddParameter): Name = "Manufacturer Part Number 1"; Value = "C0603C104K5RAC"; VariantName = "[No Variations]"
Add component (AddParameter): Name = "Tol"; Value = "0.05"; VariantName = "[No Variations]"
Add component (AddParameter): Name = "Type"; Value = "CX7R"; VariantName = "[No Variations]"
Add component (AddParameter): Name = "Value"; Value = "100nF"; VariantName = "[No Variations]"
Add component (AddParameter): Name = "Volt"; Value = "50V"; VariantName = "[No Variations]"
Added Component: Designator=C7(CSMD0603)
Add component (AddParameter): Name = "EMF_PN"; Value = "CX7R-20"; VariantName = "[No Variations]"
Add component (AddParameter): Name = "Manufacturer Part Number 1"; Value = "C0603C473K5RAC"; VariantName = "[No Variations]"
Add component (AddParameter): Name = "Tol"; Value = "0.1"; VariantName = "[No Variations]"
Add component (AddParameter): Name = "Type"; Value = "CX7R"; VariantName = "[No Variations]"
Add component (AddParameter): Name = "Value"; Value = "47nF"; VariantName = "[No Variations]"
Add component (AddParameter): Name = "Volt"; Value = "50V"; VariantName = "[No Variations]"
Added Component: Designator=C8(CSMD0603)
Add component (AddParameter): Name = "EMF_PN"; Value = "CX7R-20"; VariantName = "[No Variations]"
Add component (AddParameter): Name = "Manufacturer Part Number 1"; Value = "C0603C473K5RAC"; VariantName = "[No Variations]"
Add component (AddParameter): Name = "Tol"; Value = "0.1"; VariantName = "[No Variations]"
Add component (AddParameter): Name = "Type"; Value = "CX7R"; VariantName = "[No Variations]"
Add component (AddParameter): Name = "Value"; Value = "47nF"; VariantName = "[No Variations]"
Add component (AddParameter): Name = "Volt"; Value = "50V"; VariantName = "[No Variations]"
Added Component: Designator=C9(CSMD0603)
Add component (AddParameter): Name = "EMF_PN"; Value = "CX7R-24"; VariantName = "[No Variations]"
Add component (AddParameter): Name = "Manufacturer Part Number 1"; Value = "C0603C104K5RAC"; VariantName = "[No Variations]"
Add component (AddParameter): Name = "Tol"; Value = "0.05"; VariantName = "[No Variations]"
Add component (AddParameter): Name = "Type"; Value = "CX7R"; VariantName = "[No Variations]"
Add component (AddParameter): Name = "Value"; Value = "100nF"; VariantName = "[No Variations]"
Add component (AddParameter): Name = "Volt"; Value = "50V"; VariantName = "[No Variations]"
Added Component: Designator=C10(CSMD0603)
Add component (AddParameter): Name = "EMF_PN"; Value = "CX7R-20"; VariantName = "[No Variations]"
Add component (AddParameter): Name = "Manufacturer Part Number 1"; Value = "C0603C473K5RAC"; VariantName = "[No Variations]"
Add component (AddParameter): Name = "Tol"; Value = "0.1"; VariantName = "[No Variations]"
Add component (AddParameter): Name = "Type"; Value = "CX7R"; VariantName = "[No Variations]"
Add component (AddParameter): Name = "Value"; Value = "47nF"; VariantName = "[No Variations]"
Add component (AddParameter): Name = "Volt"; Value = "50V"; VariantName = "[No Variations]"
Added Component: Designator=C11(CSMD0603)
Add component (AddParameter): Name = "EMF_PN"; Value = "CX7R-20"; VariantName = "[No Variations]"
Add component (AddParameter): Name = "Manufacturer Part Number 1"; Value = "C0603C473K5RAC"; VariantName = "[No Variations]"
Add component (AddParameter): Name = "Tol"; Value = "0.1"; VariantName = "[No Variations]"
Add component (AddParameter): Name = "Type"; Value = "CX7R"; VariantName = "[No Variations]"
Add component (AddParameter): Name = "Value"; Value = "47nF"; VariantName = "[No Variations]"
Add component (AddParameter): Name = "Volt"; Value = "50V"; VariantName = "[No Variations]"
Added Component: Designator=C12(CSMD0603)
Add component (AddParameter): Name = "EMF_PN"; Value = "CER-HV-12"; VariantName = "[No Variations]"
Add component (AddParameter): Name = "Manufacturer Part Number 1"; Value = "C0603C105K4RAC"; VariantName = "[No Variations]"
Add component (AddParameter): Name = "Tol"; Value = "0.1"; VariantName = "[No Variations]"
Add component (AddParameter): Name = "Type"; Value = "CX7R"; VariantName = "[No Variations]"
Add component (AddParameter): Name = "Value"; Value = "1uF"; VariantName = "[No Variations]"
Add component (AddParameter): Name = "Volt"; Value = "16V"; VariantName = "[No Variations]"
Added Component: Designator=C13(CSMD0603)
Add component (AddParameter): Name = "EMF_PN"; Value = "CER-HV-12"; VariantName = "[No Variations]"
Add component (AddParameter): Name = "Manufacturer Part Number 1"; Value = "C0603C105K4RAC"; VariantName = "[No Variations]"
Add component (AddParameter): Name = "Tol"; Value = "0.1"; VariantName = "[No Variations]"
Add component (AddParameter): Name = "Type"; Value = "CX7R"; VariantName = "[No Variations]"
Add component (AddParameter): Name = "Value"; Value = "1uF"; VariantName = "[No Variations]"
Add component (AddParameter): Name = "Volt"; Value = "16V"; VariantName = "[No Variations]"
Added Component: Designator=D1(TouchPAD-8mm+LED 4-SMD CIR)
Added Component: Designator=D2(TouchPAD-8mm+LED 4-SMD CIR)
Added Component: Designator=D3(TouchPAD-8mm+LED 4-SMD CIR)
Added Component: Designator=D4(TouchPAD-8mm+LED 4-SMD CIR)
Added Component: Designator=D5(TouchPAD-8mm+LED 4-SMD CIR)
Added Component: Designator=D6(TouchPAD-8mm+LED 4-SMD CIR)
Added Component: Designator=D7(TouchPAD-8mm+LED 4-SMD CIR)
Added Component: Designator=D8(TouchPAD-8mm+LED 4-SMD CIR)
Added Component: Designator=D9(TouchPAD-8mm+LED 4-SMD CIR)
Added Component: Designator=D10(TouchPAD-8mm+LED 4-SMD CIR)
Added Component: Designator=D11(TouchPAD-8mm+LED 4-SMD CIR)
Added Component: Designator=D12(TouchPAD-8mm+LED 4-SMD CIR)
Added Component: Designator=D13(TouchPAD-8mm+LED 4-SMD CIR)
Added Component: Designator=D14(TouchPAD-8mm+LED 4-SMD CIR)
Added Component: Designator=D15(TouchPAD-8mm+LED 4-SMD CIR)
Added Component: Designator=D16(TouchPAD-8mm+LED 4-SMD CIR)
Added Component: Designator=D17(TouchPAD-8mm+LED 4-SMD CIR)
Added Component: Designator=D18(TouchPAD-8mm+LED 4-SMD CIR)
Added Component: Designator=D19(TouchPAD-8mm+LED 4-SMD CIR)
Added Component: Designator=D20(TouchPAD-8mm+LED 4-SMD CIR)
Added Component: Designator=D21(TouchPAD-8mm+LED 4-SMD CIR)
Added Component: Designator=D22(TouchPAD-8mm+LED 4-SMD CIR)
Added Component: Designator=D23(TouchPAD-8mm+LED 4-SMD CIR)
Added Component: Designator=D24(TouchPAD-8mm+LED 4-SMD CIR)
Added Component: Designator=D25(SOD-123)
Added Component: Designator=K1(UFQFPN48)
Added Component: Designator=K2(SOT95P240X88-3N)
Added Component: Designator=Q1(D PAK)
Added Component: Designator=R1(RSMD0603)
Add component (AddParameter): Name = "EMF_PN"; Value = "RSMD0603-81"; VariantName = "[No Variations]"
Add component (AddParameter): Name = "Power"; Value = "60mW"; VariantName = "[No Variations]"
Add component (AddParameter): Name = "Stab(ppm)"; Value = "100"; VariantName = "[No Variations]"
Add component (AddParameter): Name = "Tol"; Value = "0.01"; VariantName = "[No Variations]"
Add component (AddParameter): Name = "Type"; Value = "RSMD-0603"; VariantName = "[No Variations]"
Add component (AddParameter): Name = "Value"; Value = "NMT"; VariantName = "[No Variations]"
Added Component: Designator=R2(RSMD0603)
Add component (AddParameter): Name = "EMF_PN"; Value = "RSMD0603-26"; VariantName = "[No Variations]"
Add component (AddParameter): Name = "Power"; Value = "60mW"; VariantName = "[No Variations]"
Add component (AddParameter): Name = "Stab(ppm)"; Value = "100"; VariantName = "[No Variations]"
Add component (AddParameter): Name = "Tol"; Value = "0.01"; VariantName = "[No Variations]"
Add component (AddParameter): Name = "Type"; Value = "RSMD-0603"; VariantName = "[No Variations]"
Add component (AddParameter): Name = "Value"; Value = "10K"; VariantName = "[No Variations]"
Added Component: Designator=R3(RSMD0603)
Add component (AddParameter): Name = "EMF_PN"; Value = "RSMD0603-26"; VariantName = "[No Variations]"
Add component (AddParameter): Name = "Power"; Value = "60mW"; VariantName = "[No Variations]"
Add component (AddParameter): Name = "Stab(ppm)"; Value = "100"; VariantName = "[No Variations]"
Add component (AddParameter): Name = "Tol"; Value = "0.01"; VariantName = "[No Variations]"
Add component (AddParameter): Name = "Type"; Value = "RSMD-0603"; VariantName = "[No Variations]"
Add component (AddParameter): Name = "Value"; Value = "10K"; VariantName = "[No Variations]"
Added Component: Designator=R4(RSMD0603)
Add component (AddParameter): Name = "EMF_PN"; Value = "RSMD0603-33"; VariantName = "[No Variations]"
Add component (AddParameter): Name = "Power"; Value = "60mW"; VariantName = "[No Variations]"
Add component (AddParameter): Name = "Stab(ppm)"; Value = "100"; VariantName = "[No Variations]"
Add component (AddParameter): Name = "Tol"; Value = "0.01"; VariantName = "[No Variations]"
Add component (AddParameter): Name = "Type"; Value = "RSMD-0603"; VariantName = "[No Variations]"
Add component (AddParameter): Name = "Value"; Value = "39K"; VariantName = "[No Variations]"
Added Component: Designator=R5(RSMD0603)
Add component (AddParameter): Name = "EMF_PN"; Value = "RSMD0603-26"; VariantName = "[No Variations]"
Add component (AddParameter): Name = "Power"; Value = "60mW"; VariantName = "[No Variations]"
Add component (AddParameter): Name = "Stab(ppm)"; Value = "100"; VariantName = "[No Variations]"
Add component (AddParameter): Name = "Tol"; Value = "0.01"; VariantName = "[No Variations]"
Add component (AddParameter): Name = "Type"; Value = "RSMD-0603"; VariantName = "[No Variations]"
Add component (AddParameter): Name = "Value"; Value = "10K"; VariantName = "[No Variations]"
Added Component: Designator=R6(RSMD0603)
Add component (AddParameter): Name = "EMF_PN"; Value = "RSMD0603-26"; VariantName = "[No Variations]"
Add component (AddParameter): Name = "Power"; Value = "60mW"; VariantName = "[No Variations]"
Add component (AddParameter): Name = "Stab(ppm)"; Value = "100"; VariantName = "[No Variations]"
Add component (AddParameter): Name = "Tol"; Value = "0.01"; VariantName = "[No Variations]"
Add component (AddParameter): Name = "Type"; Value = "RSMD-0603"; VariantName = "[No Variations]"
Add component (AddParameter): Name = "Value"; Value = "10K"; VariantName = "[No Variations]"
Added Component: Designator=R7(RSMD0603)
Add component (AddParameter): Name = "EMF_PN"; Value = "RSMD0603-26"; VariantName = "[No Variations]"
Add component (AddParameter): Name = "Power"; Value = "60mW"; VariantName = "[No Variations]"
Add component (AddParameter): Name = "Stab(ppm)"; Value = "100"; VariantName = "[No Variations]"
Add component (AddParameter): Name = "Tol"; Value = "0.01"; VariantName = "[No Variations]"
Add component (AddParameter): Name = "Type"; Value = "RSMD-0603"; VariantName = "[No Variations]"
Add component (AddParameter): Name = "Value"; Value = "10K"; VariantName = "[No Variations]"
Added Component: Designator=R8(RSMD0603)
Add component (AddParameter): Name = "EMF_PN"; Value = "RSMD0603-26"; VariantName = "[No Variations]"
Add component (AddParameter): Name = "Power"; Value = "60mW"; VariantName = "[No Variations]"
Add component (AddParameter): Name = "Stab(ppm)"; Value = "100"; VariantName = "[No Variations]"
Add component (AddParameter): Name = "Tol"; Value = "0.01"; VariantName = "[No Variations]"
Add component (AddParameter): Name = "Type"; Value = "RSMD-0603"; VariantName = "[No Variations]"
Add component (AddParameter): Name = "Value"; Value = "10K"; VariantName = "[No Variations]"
Added Component: Designator=R9(RSMD0603)
Add component (AddParameter): Name = "EMF_PN"; Value = "RSMD0603-26"; VariantName = "[No Variations]"
Add component (AddParameter): Name = "Power"; Value = "60mW"; VariantName = "[No Variations]"
Add component (AddParameter): Name = "Stab(ppm)"; Value = "100"; VariantName = "[No Variations]"
Add component (AddParameter): Name = "Tol"; Value = "0.01"; VariantName = "[No Variations]"
Add component (AddParameter): Name = "Type"; Value = "RSMD-0603"; VariantName = "[No Variations]"
Add component (AddParameter): Name = "Value"; Value = "10K"; VariantName = "[No Variations]"
Added Component: Designator=R10(RSMD0603)
Add component (AddParameter): Name = "EMF_PN"; Value = "RSMD0603-26"; VariantName = "[No Variations]"
Add component (AddParameter): Name = "Power"; Value = "60mW"; VariantName = "[No Variations]"
Add component (AddParameter): Name = "Stab(ppm)"; Value = "100"; VariantName = "[No Variations]"
Add component (AddParameter): Name = "Tol"; Value = "0.01"; VariantName = "[No Variations]"
Add component (AddParameter): Name = "Type"; Value = "RSMD-0603"; VariantName = "[No Variations]"
Add component (AddParameter): Name = "Value"; Value = "10K"; VariantName = "[No Variations]"
Added Component: Designator=R11(RSMD0603)
Add component (AddParameter): Name = "EMF_PN"; Value = "RSMD0603-26"; VariantName = "[No Variations]"
Add component (AddParameter): Name = "Power"; Value = "60mW"; VariantName = "[No Variations]"
Add component (AddParameter): Name = "Stab(ppm)"; Value = "100"; VariantName = "[No Variations]"
Add component (AddParameter): Name = "Tol"; Value = "0.01"; VariantName = "[No Variations]"
Add component (AddParameter): Name = "Type"; Value = "RSMD-0603"; VariantName = "[No Variations]"
Add component (AddParameter): Name = "Value"; Value = "10K"; VariantName = "[No Variations]"
Added Component: Designator=R12(RSMD0603)
Add component (AddParameter): Name = "EMF_PN"; Value = "RSMD0603-26"; VariantName = "[No Variations]"
Add component (AddParameter): Name = "Power"; Value = "60mW"; VariantName = "[No Variations]"
Add component (AddParameter): Name = "Stab(ppm)"; Value = "100"; VariantName = "[No Variations]"
Add component (AddParameter): Name = "Tol"; Value = "0.01"; VariantName = "[No Variations]"
Add component (AddParameter): Name = "Type"; Value = "RSMD-0603"; VariantName = "[No Variations]"
Add component (AddParameter): Name = "Value"; Value = "10K"; VariantName = "[No Variations]"
Added Component: Designator=R13(RSMD0603)
Add component (AddParameter): Name = "EMF_PN"; Value = "RSMD0603-26"; VariantName = "[No Variations]"
Add component (AddParameter): Name = "Power"; Value = "60mW"; VariantName = "[No Variations]"
Add component (AddParameter): Name = "Stab(ppm)"; Value = "100"; VariantName = "[No Variations]"
Add component (AddParameter): Name = "Tol"; Value = "0.01"; VariantName = "[No Variations]"
Add component (AddParameter): Name = "Type"; Value = "RSMD-0603"; VariantName = "[No Variations]"
Add component (AddParameter): Name = "Value"; Value = "10K"; VariantName = "[No Variations]"
Added Component: Designator=R14(RSMD0603)
Add component (AddParameter): Name = "EMF_PN"; Value = "RSMD0603-06"; VariantName = "[No Variations]"
Add component (AddParameter): Name = "Power"; Value = "60mW"; VariantName = "[No Variations]"
Add component (AddParameter): Name = "Stab(ppm)"; Value = "100"; VariantName = "[No Variations]"
Add component (AddParameter): Name = "Tol"; Value = "0.01"; VariantName = "[No Variations]"
Add component (AddParameter): Name = "Type"; Value = "RSMD-0603"; VariantName = "[No Variations]"
Add component (AddParameter): Name = "Value"; Value = "220E"; VariantName = "[No Variations]"
Added Component: Designator=R15(RSMD0603)
Added Component: Designator=R16(RSMD0603)
Added Component: Designator=R17(RSMD0603)
Add component (AddParameter): Name = "EMF_PN"; Value = "RSMD0603-04"; VariantName = "[No Variations]"
Add component (AddParameter): Name = "Power"; Value = "60mW"; VariantName = "[No Variations]"
Add component (AddParameter): Name = "Stab(ppm)"; Value = "100"; VariantName = "[No Variations]"
Add component (AddParameter): Name = "Tol"; Value = "0.01"; VariantName = "[No Variations]"
Add component (AddParameter): Name = "Type"; Value = "RSMD-0603"; VariantName = "[No Variations]"
Add component (AddParameter): Name = "Value"; Value = "150E"; VariantName = "[No Variations]"
Added Component: Designator=R18(RSMD0603)
Add component (AddParameter): Name = "EMF_PN"; Value = "RSMD0603-04"; VariantName = "[No Variations]"
Add component (AddParameter): Name = "Power"; Value = "60mW"; VariantName = "[No Variations]"
Add component (AddParameter): Name = "Stab(ppm)"; Value = "100"; VariantName = "[No Variations]"
Add component (AddParameter): Name = "Tol"; Value = "0.01"; VariantName = "[No Variations]"
Add component (AddParameter): Name = "Type"; Value = "RSMD-0603"; VariantName = "[No Variations]"
Add component (AddParameter): Name = "Value"; Value = "150E"; VariantName = "[No Variations]"
Added Component: Designator=R19(RSMD0603)
Add component (AddParameter): Name = "EMF_PN"; Value = "RSMD0603-04"; VariantName = "[No Variations]"
Add component (AddParameter): Name = "Power"; Value = "60mW"; VariantName = "[No Variations]"
Add component (AddParameter): Name = "Stab(ppm)"; Value = "100"; VariantName = "[No Variations]"
Add component (AddParameter): Name = "Tol"; Value = "0.01"; VariantName = "[No Variations]"
Add component (AddParameter): Name = "Type"; Value = "RSMD-0603"; VariantName = "[No Variations]"
Add component (AddParameter): Name = "Value"; Value = "150E"; VariantName = "[No Variations]"
Added Component: Designator=R20(RSMD0603)
Add component (AddParameter): Name = "EMF_PN"; Value = "RSMD0603-04"; VariantName = "[No Variations]"
Add component (AddParameter): Name = "Power"; Value = "60mW"; VariantName = "[No Variations]"
Add component (AddParameter): Name = "Stab(ppm)"; Value = "100"; VariantName = "[No Variations]"
Add component (AddParameter): Name = "Tol"; Value = "0.01"; VariantName = "[No Variations]"
Add component (AddParameter): Name = "Type"; Value = "RSMD-0603"; VariantName = "[No Variations]"
Add component (AddParameter): Name = "Value"; Value = "150E"; VariantName = "[No Variations]"
Added Component: Designator=R21(RSMD0603)
Add component (AddParameter): Name = "EMF_PN"; Value = "RSMD0603-04"; VariantName = "[No Variations]"
Add component (AddParameter): Name = "Power"; Value = "60mW"; VariantName = "[No Variations]"
Add component (AddParameter): Name = "Stab(ppm)"; Value = "100"; VariantName = "[No Variations]"
Add component (AddParameter): Name = "Tol"; Value = "0.01"; VariantName = "[No Variations]"
Add component (AddParameter): Name = "Type"; Value = "RSMD-0603"; VariantName = "[No Variations]"
Add component (AddParameter): Name = "Value"; Value = "150E"; VariantName = "[No Variations]"
Added Component: Designator=R22(RSMD0603)
Add component (AddParameter): Name = "EMF_PN"; Value = "RSMD0603-04"; VariantName = "[No Variations]"
Add component (AddParameter): Name = "Power"; Value = "60mW"; VariantName = "[No Variations]"
Add component (AddParameter): Name = "Stab(ppm)"; Value = "100"; VariantName = "[No Variations]"
Add component (AddParameter): Name = "Tol"; Value = "0.01"; VariantName = "[No Variations]"
Add component (AddParameter): Name = "Type"; Value = "RSMD-0603"; VariantName = "[No Variations]"
Add component (AddParameter): Name = "Value"; Value = "150E"; VariantName = "[No Variations]"
Added Component: Designator=R23(RSMD0603)
Add component (AddParameter): Name = "EMF_PN"; Value = "RSMD0603-04"; VariantName = "[No Variations]"
Add component (AddParameter): Name = "Power"; Value = "60mW"; VariantName = "[No Variations]"
Add component (AddParameter): Name = "Stab(ppm)"; Value = "100"; VariantName = "[No Variations]"
Add component (AddParameter): Name = "Tol"; Value = "0.01"; VariantName = "[No Variations]"
Add component (AddParameter): Name = "Type"; Value = "RSMD-0603"; VariantName = "[No Variations]"
Add component (AddParameter): Name = "Value"; Value = "150E"; VariantName = "[No Variations]"
Added Component: Designator=R24(RSMD0603)
Add component (AddParameter): Name = "EMF_PN"; Value = "RSMD0603-04"; VariantName = "[No Variations]"
Add component (AddParameter): Name = "Power"; Value = "60mW"; VariantName = "[No Variations]"
Add component (AddParameter): Name = "Stab(ppm)"; Value = "100"; VariantName = "[No Variations]"
Add component (AddParameter): Name = "Tol"; Value = "0.01"; VariantName = "[No Variations]"
Add component (AddParameter): Name = "Type"; Value = "RSMD-0603"; VariantName = "[No Variations]"
Add component (AddParameter): Name = "Value"; Value = "150E"; VariantName = "[No Variations]"
Added Component: Designator=R25(RSMD0603)
Add component (AddParameter): Name = "EMF_PN"; Value = "RSMD0603-04"; VariantName = "[No Variations]"
Add component (AddParameter): Name = "Power"; Value = "60mW"; VariantName = "[No Variations]"
Add component (AddParameter): Name = "Stab(ppm)"; Value = "100"; VariantName = "[No Variations]"
Add component (AddParameter): Name = "Tol"; Value = "0.01"; VariantName = "[No Variations]"
Add component (AddParameter): Name = "Type"; Value = "RSMD-0603"; VariantName = "[No Variations]"
Add component (AddParameter): Name = "Value"; Value = "150E"; VariantName = "[No Variations]"
Added Component: Designator=R26(RSMD0603)
Add component (AddParameter): Name = "EMF_PN"; Value = "RSMD0603-04"; VariantName = "[No Variations]"
Add component (AddParameter): Name = "Power"; Value = "60mW"; VariantName = "[No Variations]"
Add component (AddParameter): Name = "Stab(ppm)"; Value = "100"; VariantName = "[No Variations]"
Add component (AddParameter): Name = "Tol"; Value = "0.01"; VariantName = "[No Variations]"
Add component (AddParameter): Name = "Type"; Value = "RSMD-0603"; VariantName = "[No Variations]"
Add component (AddParameter): Name = "Value"; Value = "150E"; VariantName = "[No Variations]"
Added Component: Designator=R27(RSMD0603)
Add component (AddParameter): Name = "EMF_PN"; Value = "RSMD0603-04"; VariantName = "[No Variations]"
Add component (AddParameter): Name = "Power"; Value = "60mW"; VariantName = "[No Variations]"
Add component (AddParameter): Name = "Stab(ppm)"; Value = "100"; VariantName = "[No Variations]"
Add component (AddParameter): Name = "Tol"; Value = "0.01"; VariantName = "[No Variations]"
Add component (AddParameter): Name = "Type"; Value = "RSMD-0603"; VariantName = "[No Variations]"
Add component (AddParameter): Name = "Value"; Value = "150E"; VariantName = "[No Variations]"
Added Component: Designator=S1(Switch Slide DPDT)
Added Component: Designator=TP1(TP10_22)
Add component (AddParameter): Name = "EMF_PN"; Value = "TP-04"; VariantName = "[No Variations]"
Add component (AddParameter): Name = "Manufacturer 1"; Value = "Keystone Electronics"; VariantName = "[No Variations]"
Add component (AddParameter): Name = "Manufacturer Part Number 1"; Value = "5000"; VariantName = "[No Variations]"
Add component (AddParameter): Name = "Type"; Value = "TP"; VariantName = "[No Variations]"
Add component (AddParameter): Name = "Value"; Value = "TP rouge"; VariantName = "[No Variations]"
Added Component: Designator=TP2(TP10_22)
Add component (AddParameter): Name = "EMF_PN"; Value = "TP-03"; VariantName = "[No Variations]"
Add component (AddParameter): Name = "Manufacturer 1"; Value = "Keystone Electronics"; VariantName = "[No Variations]"
Add component (AddParameter): Name = "Manufacturer Part Number 1"; Value = "5001"; VariantName = "[No Variations]"
Add component (AddParameter): Name = "Type"; Value = "TP"; VariantName = "[No Variations]"
Add component (AddParameter): Name = "Value"; Value = "TP noir"; VariantName = "[No Variations]"
Added Component: Designator=TP3(TP10_22)
Add component (AddParameter): Name = "EMF_PN"; Value = "TP-06"; VariantName = "[No Variations]"
Add component (AddParameter): Name = "Manufacturer 1"; Value = "Keystone Electronics"; VariantName = "[No Variations]"
Add component (AddParameter): Name = "Manufacturer Part Number 1"; Value = "5116"; VariantName = "[No Variations]"
Add component (AddParameter): Name = "Type"; Value = "TP"; VariantName = "[No Variations]"
Add component (AddParameter): Name = "Value"; Value = "TP vert"; VariantName = "[No Variations]"
Added Component: Designator=TP4(TP10_22)
Add component (AddParameter): Name = "EMF_PN"; Value = "TP-06"; VariantName = "[No Variations]"
Add component (AddParameter): Name = "Manufacturer 1"; Value = "Keystone Electronics"; VariantName = "[No Variations]"
Add component (AddParameter): Name = "Manufacturer Part Number 1"; Value = "5116"; VariantName = "[No Variations]"
Add component (AddParameter): Name = "Type"; Value = "TP"; VariantName = "[No Variations]"
Add component (AddParameter): Name = "Value"; Value = "TP vert"; VariantName = "[No Variations]"
Added Component: Designator=TP5(TP10_22)
Add component (AddParameter): Name = "EMF_PN"; Value = "TP-06"; VariantName = "[No Variations]"
Add component (AddParameter): Name = "Manufacturer 1"; Value = "Keystone Electronics"; VariantName = "[No Variations]"
Add component (AddParameter): Name = "Manufacturer Part Number 1"; Value = "5116"; VariantName = "[No Variations]"
Add component (AddParameter): Name = "Type"; Value = "TP"; VariantName = "[No Variations]"
Add component (AddParameter): Name = "Value"; Value = "TP vert"; VariantName = "[No Variations]"
Added Component: Designator=TP6(TP10_22)
Add component (AddParameter): Name = "EMF_PN"; Value = "TP-06"; VariantName = "[No Variations]"
Add component (AddParameter): Name = "Manufacturer 1"; Value = "Keystone Electronics"; VariantName = "[No Variations]"
Add component (AddParameter): Name = "Manufacturer Part Number 1"; Value = "5116"; VariantName = "[No Variations]"
Add component (AddParameter): Name = "Type"; Value = "TP"; VariantName = "[No Variations]"
Add component (AddParameter): Name = "Value"; Value = "TP vert"; VariantName = "[No Variations]"
Added Component: Designator=TP7(TP10_22)
Add component (AddParameter): Name = "EMF_PN"; Value = "TP-04"; VariantName = "[No Variations]"
Add component (AddParameter): Name = "Manufacturer 1"; Value = "Keystone Electronics"; VariantName = "[No Variations]"
Add component (AddParameter): Name = "Manufacturer Part Number 1"; Value = "5000"; VariantName = "[No Variations]"
Add component (AddParameter): Name = "Type"; Value = "TP"; VariantName = "[No Variations]"
Add component (AddParameter): Name = "Value"; Value = "TP rouge"; VariantName = "[No Variations]"
Added Component: Designator=TP8(TP10_22)
Add component (AddParameter): Name = "EMF_PN"; Value = "TP-03"; VariantName = "[No Variations]"
Add component (AddParameter): Name = "Manufacturer 1"; Value = "Keystone Electronics"; VariantName = "[No Variations]"
Add component (AddParameter): Name = "Manufacturer Part Number 1"; Value = "5001"; VariantName = "[No Variations]"
Add component (AddParameter): Name = "Type"; Value = "TP"; VariantName = "[No Variations]"
Add component (AddParameter): Name = "Value"; Value = "TP noir"; VariantName = "[No Variations]"
Added Component: Designator=X1(T-Connect 2030)
Added Component: Designator=X2(GCT_USB4520-03-0-A_REVA)
Added Pin To Net: NetName=VCC Pin=C1-1
Added Pin To Net: NetName=GND Pin=C1-2
Added Pin To Net: NetName=VCC Pin=C2-1
Added Pin To Net: NetName=GND Pin=C2-2
Added Pin To Net: NetName=VCC Pin=C3-1
Added Pin To Net: NetName=GND Pin=C3-2
Added Pin To Net: NetName=VCC Pin=C4-1
Added Pin To Net: NetName=GND Pin=C4-2
Added Pin To Net: NetName=VCC Pin=C5-1
Added Pin To Net: NetName=GND Pin=C5-2
Added Pin To Net: NetName=VCC Pin=C6-1
Added Pin To Net: NetName=GND Pin=C6-2
Added Pin To Net: NetName=NetC7_1 Pin=C7-1
Added Pin To Net: NetName=GND Pin=C7-2
Added Pin To Net: NetName=NetC8_1 Pin=C8-1
Added Pin To Net: NetName=GND Pin=C8-2
Added Pin To Net: NetName=R\S\T\ Pin=C9-1
Added Pin To Net: NetName=GND Pin=C9-2
Added Pin To Net: NetName=NetC10_1 Pin=C10-1
Added Pin To Net: NetName=GND Pin=C10-2
Added Pin To Net: NetName=NetC11_1 Pin=C11-1
Added Pin To Net: NetName=GND Pin=C11-2
Added Pin To Net: NetName=GND Pin=C12-1
Added Pin To Net: NetName=NetC12_2 Pin=C12-2
Added Pin To Net: NetName=GND Pin=C13-1
Added Pin To Net: NetName=NetC13_2 Pin=C13-2
Added Pin To Net: NetName=NetD1_1 Pin=D1-1
Added Pin To Net: NetName=NetD1_2 Pin=D1-2
Added Pin To Net: NetName=NetD1_2 Pin=D1-3
Added Pin To Net: NetName=NetD1_1 Pin=D1-4
Added Pin To Net: NetName=L1_TOUCH Pin=D1-5
Added Pin To Net: NetName=L1_TOUCH Pin=D1-5
Added Pin To Net: NetName=C1_TOUCH Pin=D1-6
Added Pin To Net: NetName=C1_TOUCH Pin=D1-6
Added Pin To Net: NetName=NetD1_1 Pin=D2-1
Added Pin To Net: NetName=NetD2_2 Pin=D2-2
Added Pin To Net: NetName=NetD2_2 Pin=D2-3
Added Pin To Net: NetName=NetD1_1 Pin=D2-4
Added Pin To Net: NetName=L1_TOUCH Pin=D2-5
Added Pin To Net: NetName=L1_TOUCH Pin=D2-5
Added Pin To Net: NetName=C2_TOUCH Pin=D2-6
Added Pin To Net: NetName=C2_TOUCH Pin=D2-6
Added Pin To Net: NetName=NetD1_1 Pin=D3-1
Added Pin To Net: NetName=NetD3_2 Pin=D3-2
Added Pin To Net: NetName=NetD3_2 Pin=D3-3
Added Pin To Net: NetName=NetD1_1 Pin=D3-4
Added Pin To Net: NetName=L1_TOUCH Pin=D3-5
Added Pin To Net: NetName=L1_TOUCH Pin=D3-5
Added Pin To Net: NetName=C3_TOUCH Pin=D3-6
Added Pin To Net: NetName=C3_TOUCH Pin=D3-6
Added Pin To Net: NetName=NetD4_1 Pin=D4-1
Added Pin To Net: NetName=NetD1_2 Pin=D4-2
Added Pin To Net: NetName=NetD1_2 Pin=D4-3
Added Pin To Net: NetName=NetD4_1 Pin=D4-4
Added Pin To Net: NetName=L2_TOUCH Pin=D4-5
Added Pin To Net: NetName=L2_TOUCH Pin=D4-5
Added Pin To Net: NetName=C1_TOUCH Pin=D4-6
Added Pin To Net: NetName=C1_TOUCH Pin=D4-6
Added Pin To Net: NetName=NetD4_1 Pin=D5-1
Added Pin To Net: NetName=NetD2_2 Pin=D5-2
Added Pin To Net: NetName=NetD2_2 Pin=D5-3
Added Pin To Net: NetName=NetD4_1 Pin=D5-4
Added Pin To Net: NetName=L2_TOUCH Pin=D5-5
Added Pin To Net: NetName=L2_TOUCH Pin=D5-5
Added Pin To Net: NetName=C2_TOUCH Pin=D5-6
Added Pin To Net: NetName=C2_TOUCH Pin=D5-6
Added Pin To Net: NetName=NetD4_1 Pin=D6-1
Added Pin To Net: NetName=NetD3_2 Pin=D6-2
Added Pin To Net: NetName=NetD3_2 Pin=D6-3
Added Pin To Net: NetName=NetD4_1 Pin=D6-4
Added Pin To Net: NetName=L2_TOUCH Pin=D6-5
Added Pin To Net: NetName=L2_TOUCH Pin=D6-5
Added Pin To Net: NetName=C3_TOUCH Pin=D6-6
Added Pin To Net: NetName=C3_TOUCH Pin=D6-6
Added Pin To Net: NetName=NetD7_1 Pin=D7-1
Added Pin To Net: NetName=NetD1_2 Pin=D7-2
Added Pin To Net: NetName=NetD1_2 Pin=D7-3
Added Pin To Net: NetName=NetD7_1 Pin=D7-4
Added Pin To Net: NetName=L3_TOUCH Pin=D7-5
Added Pin To Net: NetName=L3_TOUCH Pin=D7-5
Added Pin To Net: NetName=C1_TOUCH Pin=D7-6
Added Pin To Net: NetName=C1_TOUCH Pin=D7-6
Added Pin To Net: NetName=NetD7_1 Pin=D8-1
Added Pin To Net: NetName=NetD2_2 Pin=D8-2
Added Pin To Net: NetName=NetD2_2 Pin=D8-3
Added Pin To Net: NetName=NetD7_1 Pin=D8-4
Added Pin To Net: NetName=L3_TOUCH Pin=D8-5
Added Pin To Net: NetName=L3_TOUCH Pin=D8-5
Added Pin To Net: NetName=C2_TOUCH Pin=D8-6
Added Pin To Net: NetName=C2_TOUCH Pin=D8-6
Added Pin To Net: NetName=NetD7_1 Pin=D9-1
Added Pin To Net: NetName=NetD3_2 Pin=D9-2
Added Pin To Net: NetName=NetD3_2 Pin=D9-3
Added Pin To Net: NetName=NetD7_1 Pin=D9-4
Added Pin To Net: NetName=L3_TOUCH Pin=D9-5
Added Pin To Net: NetName=L3_TOUCH Pin=D9-5
Added Pin To Net: NetName=C3_TOUCH Pin=D9-6
Added Pin To Net: NetName=C3_TOUCH Pin=D9-6
Added Pin To Net: NetName=NetD10_1 Pin=D10-1
Added Pin To Net: NetName=NetD1_2 Pin=D10-2
Added Pin To Net: NetName=NetD1_2 Pin=D10-3
Added Pin To Net: NetName=NetD10_1 Pin=D10-4
Added Pin To Net: NetName=L4_TOUCH Pin=D10-5
Added Pin To Net: NetName=L4_TOUCH Pin=D10-5
Added Pin To Net: NetName=C1_TOUCH Pin=D10-6
Added Pin To Net: NetName=C1_TOUCH Pin=D10-6
Added Pin To Net: NetName=NetD10_1 Pin=D11-1
Added Pin To Net: NetName=NetD2_2 Pin=D11-2
Added Pin To Net: NetName=NetD2_2 Pin=D11-3
Added Pin To Net: NetName=NetD10_1 Pin=D11-4
Added Pin To Net: NetName=L4_TOUCH Pin=D11-5
Added Pin To Net: NetName=L4_TOUCH Pin=D11-5
Added Pin To Net: NetName=C2_TOUCH Pin=D11-6
Added Pin To Net: NetName=C2_TOUCH Pin=D11-6
Added Pin To Net: NetName=NetD10_1 Pin=D12-1
Added Pin To Net: NetName=NetD3_2 Pin=D12-2
Added Pin To Net: NetName=NetD3_2 Pin=D12-3
Added Pin To Net: NetName=NetD10_1 Pin=D12-4
Added Pin To Net: NetName=L4_TOUCH Pin=D12-5
Added Pin To Net: NetName=L4_TOUCH Pin=D12-5
Added Pin To Net: NetName=C3_TOUCH Pin=D12-6
Added Pin To Net: NetName=C3_TOUCH Pin=D12-6
Added Pin To Net: NetName=NetD13_1 Pin=D13-1
Added Pin To Net: NetName=NetD1_2 Pin=D13-2
Added Pin To Net: NetName=NetD1_2 Pin=D13-3
Added Pin To Net: NetName=NetD13_1 Pin=D13-4
Added Pin To Net: NetName=L5_TOUCH Pin=D13-5
Added Pin To Net: NetName=L5_TOUCH Pin=D13-5
Added Pin To Net: NetName=C1_TOUCH Pin=D13-6
Added Pin To Net: NetName=C1_TOUCH Pin=D13-6
Added Pin To Net: NetName=NetD13_1 Pin=D14-1
Added Pin To Net: NetName=NetD2_2 Pin=D14-2
Added Pin To Net: NetName=NetD2_2 Pin=D14-3
Added Pin To Net: NetName=NetD13_1 Pin=D14-4
Added Pin To Net: NetName=L5_TOUCH Pin=D14-5
Added Pin To Net: NetName=L5_TOUCH Pin=D14-5
Added Pin To Net: NetName=C2_TOUCH Pin=D14-6
Added Pin To Net: NetName=C2_TOUCH Pin=D14-6
Added Pin To Net: NetName=NetD13_1 Pin=D15-1
Added Pin To Net: NetName=NetD3_2 Pin=D15-2
Added Pin To Net: NetName=NetD3_2 Pin=D15-3
Added Pin To Net: NetName=NetD13_1 Pin=D15-4
Added Pin To Net: NetName=L5_TOUCH Pin=D15-5
Added Pin To Net: NetName=L5_TOUCH Pin=D15-5
Added Pin To Net: NetName=C3_TOUCH Pin=D15-6
Added Pin To Net: NetName=C3_TOUCH Pin=D15-6
Added Pin To Net: NetName=NetD16_1 Pin=D16-1
Added Pin To Net: NetName=NetD1_2 Pin=D16-2
Added Pin To Net: NetName=NetD1_2 Pin=D16-3
Added Pin To Net: NetName=NetD16_1 Pin=D16-4
Added Pin To Net: NetName=L6_TOUCH Pin=D16-5
Added Pin To Net: NetName=L6_TOUCH Pin=D16-5
Added Pin To Net: NetName=C1_TOUCH Pin=D16-6
Added Pin To Net: NetName=C1_TOUCH Pin=D16-6
Added Pin To Net: NetName=NetD16_1 Pin=D17-1
Added Pin To Net: NetName=NetD2_2 Pin=D17-2
Added Pin To Net: NetName=NetD2_2 Pin=D17-3
Added Pin To Net: NetName=NetD16_1 Pin=D17-4
Added Pin To Net: NetName=L6_TOUCH Pin=D17-5
Added Pin To Net: NetName=L6_TOUCH Pin=D17-5
Added Pin To Net: NetName=C2_TOUCH Pin=D17-6
Added Pin To Net: NetName=C2_TOUCH Pin=D17-6
Added Pin To Net: NetName=NetD16_1 Pin=D18-1
Added Pin To Net: NetName=NetD3_2 Pin=D18-2
Added Pin To Net: NetName=NetD3_2 Pin=D18-3
Added Pin To Net: NetName=NetD16_1 Pin=D18-4
Added Pin To Net: NetName=L6_TOUCH Pin=D18-5
Added Pin To Net: NetName=L6_TOUCH Pin=D18-5
Added Pin To Net: NetName=C3_TOUCH Pin=D18-6
Added Pin To Net: NetName=C3_TOUCH Pin=D18-6
Added Pin To Net: NetName=NetD19_1 Pin=D19-1
Added Pin To Net: NetName=NetD1_2 Pin=D19-2
Added Pin To Net: NetName=NetD1_2 Pin=D19-3
Added Pin To Net: NetName=NetD19_1 Pin=D19-4
Added Pin To Net: NetName=L7_TOUCH Pin=D19-5
Added Pin To Net: NetName=L7_TOUCH Pin=D19-5
Added Pin To Net: NetName=C1_TOUCH Pin=D19-6
Added Pin To Net: NetName=C1_TOUCH Pin=D19-6
Added Pin To Net: NetName=NetD19_1 Pin=D20-1
Added Pin To Net: NetName=NetD2_2 Pin=D20-2
Added Pin To Net: NetName=NetD2_2 Pin=D20-3
Added Pin To Net: NetName=NetD19_1 Pin=D20-4
Added Pin To Net: NetName=L7_TOUCH Pin=D20-5
Added Pin To Net: NetName=L7_TOUCH Pin=D20-5
Added Pin To Net: NetName=C2_TOUCH Pin=D20-6
Added Pin To Net: NetName=C2_TOUCH Pin=D20-6
Added Pin To Net: NetName=NetD19_1 Pin=D21-1
Added Pin To Net: NetName=NetD3_2 Pin=D21-2
Added Pin To Net: NetName=NetD3_2 Pin=D21-3
Added Pin To Net: NetName=NetD19_1 Pin=D21-4
Added Pin To Net: NetName=L7_TOUCH Pin=D21-5
Added Pin To Net: NetName=L7_TOUCH Pin=D21-5
Added Pin To Net: NetName=C3_TOUCH Pin=D21-6
Added Pin To Net: NetName=C3_TOUCH Pin=D21-6
Added Pin To Net: NetName=NetD22_1 Pin=D22-1
Added Pin To Net: NetName=NetD1_2 Pin=D22-2
Added Pin To Net: NetName=NetD1_2 Pin=D22-3
Added Pin To Net: NetName=NetD22_1 Pin=D22-4
Added Pin To Net: NetName=L8_TOUCH Pin=D22-5
Added Pin To Net: NetName=L8_TOUCH Pin=D22-5
Added Pin To Net: NetName=C1_TOUCH Pin=D22-6
Added Pin To Net: NetName=C1_TOUCH Pin=D22-6
Added Pin To Net: NetName=NetD22_1 Pin=D23-1
Added Pin To Net: NetName=NetD2_2 Pin=D23-2
Added Pin To Net: NetName=NetD2_2 Pin=D23-3
Added Pin To Net: NetName=NetD22_1 Pin=D23-4
Added Pin To Net: NetName=L8_TOUCH Pin=D23-5
Added Pin To Net: NetName=L8_TOUCH Pin=D23-5
Added Pin To Net: NetName=C2_TOUCH Pin=D23-6
Added Pin To Net: NetName=C2_TOUCH Pin=D23-6
Added Pin To Net: NetName=NetD22_1 Pin=D24-1
Added Pin To Net: NetName=NetD3_2 Pin=D24-2
Added Pin To Net: NetName=NetD3_2 Pin=D24-3
Added Pin To Net: NetName=NetD22_1 Pin=D24-4
Added Pin To Net: NetName=L8_TOUCH Pin=D24-5
Added Pin To Net: NetName=L8_TOUCH Pin=D24-5
Added Pin To Net: NetName=C3_TOUCH Pin=D24-6
Added Pin To Net: NetName=C3_TOUCH Pin=D24-6
Added Pin To Net: NetName=NetC13_2 Pin=D25-1
Added Pin To Net: NetName=NetD25_2 Pin=D25-2
Added Pin To Net: NetName=VCC Pin=K1-1
Added Pin To Net: NetName=R\S\T\ Pin=K1-7
Added Pin To Net: NetName=GND Pin=K1-8
Added Pin To Net: NetName=VCC Pin=K1-9
Added Pin To Net: NetName=NetC7_1 Pin=K1-10
Added Pin To Net: NetName=C1 Pin=K1-11
Added Pin To Net: NetName=C2 Pin=K1-12
Added Pin To Net: NetName=C3 Pin=K1-13
Added Pin To Net: NetName=NetC10_1 Pin=K1-14
Added Pin To Net: NetName=L1 Pin=K1-15
Added Pin To Net: NetName=L2 Pin=K1-16
Added Pin To Net: NetName=L3 Pin=K1-17
Added Pin To Net: NetName=NetC8_1 Pin=K1-18
Added Pin To Net: NetName=L7 Pin=K1-19
Added Pin To Net: NetName=L8 Pin=K1-20
Added Pin To Net: NetName=L7_LED Pin=K1-21
Added Pin To Net: NetName=L8_LED Pin=K1-22
Added Pin To Net: NetName=GND Pin=K1-23
Added Pin To Net: NetName=VCC Pin=K1-24
Added Pin To Net: NetName=C1_LED Pin=K1-29
Added Pin To Net: NetName=NetC11_1 Pin=K1-30
Added Pin To Net: NetName=L4 Pin=K1-31
Added Pin To Net: NetName=L5 Pin=K1-32
Added Pin To Net: NetName=L6 Pin=K1-33
Added Pin To Net: NetName=SWDIO Pin=K1-34
Added Pin To Net: NetName=GND Pin=K1-35
Added Pin To Net: NetName=SWCLK Pin=K1-37
Added Pin To Net: NetName=C2_LED Pin=K1-38
Added Pin To Net: NetName=C3_LED Pin=K1-39
Added Pin To Net: NetName=L1_LED Pin=K1-40
Added Pin To Net: NetName=L2_LED Pin=K1-41
Added Pin To Net: NetName=L3_LED Pin=K1-42
Added Pin To Net: NetName=L4_LED Pin=K1-43
Added Pin To Net: NetName=GND Pin=K1-44
Added Pin To Net: NetName=L5_LED Pin=K1-45
Added Pin To Net: NetName=L6_LED Pin=K1-46
Added Pin To Net: NetName=GND Pin=K1-47
Added Pin To Net: NetName=VCC Pin=K1-48
Added Pin To Net: NetName=GND Pin=K2-1
Added Pin To Net: NetName=NetC12_2 Pin=K2-2
Added Pin To Net: NetName=NetC13_2 Pin=K2-3
Added Pin To Net: NetName=NetD25_2 Pin=Q1-1
Added Pin To Net: NetName=NetQ1_2 Pin=Q1-2
Added Pin To Net: NetName=NetC13_2 Pin=Q1-3
Added Pin To Net: NetName=R\S\T\ Pin=R1-1
Added Pin To Net: NetName=NetR1_2 Pin=R1-2
Added Pin To Net: NetName=C1 Pin=R2-1
Added Pin To Net: NetName=C1_TOUCH Pin=R2-2
Added Pin To Net: NetName=L1 Pin=R3-1
Added Pin To Net: NetName=L1_TOUCH Pin=R3-2
Added Pin To Net: NetName=VCC Pin=R4-1
Added Pin To Net: NetName=R\S\T\ Pin=R4-2
Added Pin To Net: NetName=L2 Pin=R5-1
Added Pin To Net: NetName=L2_TOUCH Pin=R5-2
Added Pin To Net: NetName=C2 Pin=R6-1
Added Pin To Net: NetName=C2_TOUCH Pin=R6-2
Added Pin To Net: NetName=L3 Pin=R7-1
Added Pin To Net: NetName=L3_TOUCH Pin=R7-2
Added Pin To Net: NetName=C3 Pin=R8-1
Added Pin To Net: NetName=C3_TOUCH Pin=R8-2
Added Pin To Net: NetName=L4 Pin=R9-1
Added Pin To Net: NetName=L4_TOUCH Pin=R9-2
Added Pin To Net: NetName=L5 Pin=R10-1
Added Pin To Net: NetName=L5_TOUCH Pin=R10-2
Added Pin To Net: NetName=L6 Pin=R11-1
Added Pin To Net: NetName=L6_TOUCH Pin=R11-2
Added Pin To Net: NetName=L7 Pin=R12-1
Added Pin To Net: NetName=L7_TOUCH Pin=R12-2
Added Pin To Net: NetName=L8 Pin=R13-1
Added Pin To Net: NetName=L8_TOUCH Pin=R13-2
Added Pin To Net: NetName=NetD25_2 Pin=R14-1
Added Pin To Net: NetName=GND Pin=R14-2
Added Pin To Net: NetName=GND Pin=R15-1
Added Pin To Net: NetName=NetR15_2 Pin=R15-2
Added Pin To Net: NetName=GND Pin=R16-1
Added Pin To Net: NetName=NetR16_2 Pin=R16-2
Added Pin To Net: NetName=C1_LED Pin=R17-1
Added Pin To Net: NetName=NetD1_2 Pin=R17-2
Added Pin To Net: NetName=C2_LED Pin=R18-1
Added Pin To Net: NetName=NetD2_2 Pin=R18-2
Added Pin To Net: NetName=C3_LED Pin=R19-1
Added Pin To Net: NetName=NetD3_2 Pin=R19-2
Added Pin To Net: NetName=NetD1_1 Pin=R20-1
Added Pin To Net: NetName=L1_LED Pin=R20-2
Added Pin To Net: NetName=NetD4_1 Pin=R21-1
Added Pin To Net: NetName=L2_LED Pin=R21-2
Added Pin To Net: NetName=NetD7_1 Pin=R22-1
Added Pin To Net: NetName=L3_LED Pin=R22-2
Added Pin To Net: NetName=NetD10_1 Pin=R23-1
Added Pin To Net: NetName=L4_LED Pin=R23-2
Added Pin To Net: NetName=NetD13_1 Pin=R24-1
Added Pin To Net: NetName=L5_LED Pin=R24-2
Added Pin To Net: NetName=NetD16_1 Pin=R25-1
Added Pin To Net: NetName=L6_LED Pin=R25-2
Added Pin To Net: NetName=NetD19_1 Pin=R26-1
Added Pin To Net: NetName=L7_LED Pin=R26-2
Added Pin To Net: NetName=NetD22_1 Pin=R27-1
Added Pin To Net: NetName=L8_LED Pin=R27-2
Added Pin To Net: NetName=NetC12_2 Pin=S1-2
Added Pin To Net: NetName=VCC Pin=S1-3
Added Pin To Net: NetName=NetQ1_2 Pin=TP1-1
Added Pin To Net: NetName=GND Pin=TP2-1
Added Pin To Net: NetName=NetC7_1 Pin=TP3-1
Added Pin To Net: NetName=NetC10_1 Pin=TP4-1
Added Pin To Net: NetName=NetC11_1 Pin=TP5-1
Added Pin To Net: NetName=NetC8_1 Pin=TP6-1
Added Pin To Net: NetName=NetC12_2 Pin=TP7-1
Added Pin To Net: NetName=VCC Pin=TP8-1
Added Pin To Net: NetName=VCC Pin=X1-1
Added Pin To Net: NetName=SWDIO Pin=X1-2
Added Pin To Net: NetName=NetR1_2 Pin=X1-3
Added Pin To Net: NetName=SWCLK Pin=X1-4
Added Pin To Net: NetName=GND Pin=X1-5
Added Pin To Net: NetName=GND Pin=X2-A1_B12
Added Pin To Net: NetName=NetQ1_2 Pin=X2-A4_B9
Added Pin To Net: NetName=NetR15_2 Pin=X2-A5
Added Pin To Net: NetName=GND Pin=X2-B1_A12
Added Pin To Net: NetName=NetQ1_2 Pin=X2-B4_A9
Added Pin To Net: NetName=NetR16_2 Pin=X2-B5
Added Pin To Net: NetName=GND Pin=X2-S1
Added Pin To Net: NetName=GND Pin=X2-S2
Added Pin To Net: NetName=GND Pin=X2-S3
Added Pin To Net: NetName=GND Pin=X2-S4
Added Member To Class: ClassName=jeu_du_moulin_boura_uP_SCH Member=Component C1 10uF
Added Member To Class: ClassName=jeu_du_moulin_boura_uP_SCH Member=Component C2 100nF
Added Member To Class: ClassName=jeu_du_moulin_boura_uP_SCH Member=Component C3 100nF
Added Member To Class: ClassName=jeu_du_moulin_boura_uP_SCH Member=Component C4 1uF
Added Member To Class: ClassName=jeu_du_moulin_boura_uP_SCH Member=Component C5 100nF
Added Member To Class: ClassName=jeu_du_moulin_boura_uP_SCH Member=Component C6 100nF
Added Member To Class: ClassName=jeu_du_moulin_boura_uP_SCH Member=Component C7 47nF
Added Member To Class: ClassName=jeu_du_moulin_boura_uP_SCH Member=Component C8 47nF
Added Member To Class: ClassName=jeu_du_moulin_boura_uP_SCH Member=Component C9 100nF
Added Member To Class: ClassName=jeu_du_moulin_boura_uP_SCH Member=Component C10 47nF
Added Member To Class: ClassName=jeu_du_moulin_boura_uP_SCH Member=Component C11 47nF
Added Member To Class: ClassName=jeu_du_moulin_boura_uP_SCH Member=Component C12 1uF
Added Member To Class: ClassName=jeu_du_moulin_boura_uP_SCH Member=Component C13 1uF
Added Member To Class: ClassName=jeu_du_moulin_boura_TouchPAD_SCH Member=Component D1 AAA3528SURKCGKC09
Added Member To Class: ClassName=jeu_du_moulin_boura_TouchPAD_SCH Member=Component D2 AAA3528SURKCGKC09
Added Member To Class: ClassName=jeu_du_moulin_boura_TouchPAD_SCH Member=Component D3 AAA3528SURKCGKC09
Added Member To Class: ClassName=jeu_du_moulin_boura_TouchPAD_SCH Member=Component D4 AAA3528SURKCGKC09
Added Member To Class: ClassName=jeu_du_moulin_boura_TouchPAD_SCH Member=Component D5 AAA3528SURKCGKC09
Added Member To Class: ClassName=jeu_du_moulin_boura_TouchPAD_SCH Member=Component D6 AAA3528SURKCGKC09
Added Member To Class: ClassName=jeu_du_moulin_boura_TouchPAD_SCH Member=Component D7 AAA3528SURKCGKC09
Added Member To Class: ClassName=jeu_du_moulin_boura_TouchPAD_SCH Member=Component D8 AAA3528SURKCGKC09
Added Member To Class: ClassName=jeu_du_moulin_boura_TouchPAD_SCH Member=Component D9 AAA3528SURKCGKC09
Added Member To Class: ClassName=jeu_du_moulin_boura_TouchPAD_SCH Member=Component D10 AAA3528SURKCGKC09
Added Member To Class: ClassName=jeu_du_moulin_boura_TouchPAD_SCH Member=Component D11 AAA3528SURKCGKC09
Added Member To Class: ClassName=jeu_du_moulin_boura_TouchPAD_SCH Member=Component D12 AAA3528SURKCGKC09
Added Member To Class: ClassName=jeu_du_moulin_boura_TouchPAD_SCH Member=Component D13 AAA3528SURKCGKC09
Added Member To Class: ClassName=jeu_du_moulin_boura_TouchPAD_SCH Member=Component D14 AAA3528SURKCGKC09
Added Member To Class: ClassName=jeu_du_moulin_boura_TouchPAD_SCH Member=Component D15 AAA3528SURKCGKC09
Added Member To Class: ClassName=jeu_du_moulin_boura_TouchPAD_SCH Member=Component D16 AAA3528SURKCGKC09
Added Member To Class: ClassName=jeu_du_moulin_boura_TouchPAD_SCH Member=Component D17 AAA3528SURKCGKC09
Added Member To Class: ClassName=jeu_du_moulin_boura_TouchPAD_SCH Member=Component D18 AAA3528SURKCGKC09
Added Member To Class: ClassName=jeu_du_moulin_boura_TouchPAD_SCH Member=Component D19 AAA3528SURKCGKC09
Added Member To Class: ClassName=jeu_du_moulin_boura_TouchPAD_SCH Member=Component D20 AAA3528SURKCGKC09
Added Member To Class: ClassName=jeu_du_moulin_boura_TouchPAD_SCH Member=Component D21 AAA3528SURKCGKC09
Added Member To Class: ClassName=jeu_du_moulin_boura_TouchPAD_SCH Member=Component D22 AAA3528SURKCGKC09
Added Member To Class: ClassName=jeu_du_moulin_boura_TouchPAD_SCH Member=Component D23 AAA3528SURKCGKC09
Added Member To Class: ClassName=jeu_du_moulin_boura_TouchPAD_SCH Member=Component D24 AAA3528SURKCGKC09
Added Member To Class: ClassName=jeu_du_moulin_boura_uP_SCH Member=Component D25 Zener 2.4V
Added Member To Class: ClassName=jeu_du_moulin_boura_uP_SCH Member=Component K1 STM32L072CZT6
Added Member To Class: ClassName=jeu_du_moulin_boura_uP_SCH Member=Component K2 Voltage Regulator 3.3V
Added Member To Class: ClassName=jeu_du_moulin_boura_uP_SCH Member=Component Q1 MOSFET Channel P
Added Member To Class: ClassName=jeu_du_moulin_boura_uP_SCH Member=Component R1 NMT
Added Member To Class: ClassName=jeu_du_moulin_boura_uP_SCH Member=Component R2 10K
Added Member To Class: ClassName=jeu_du_moulin_boura_uP_SCH Member=Component R3 10K
Added Member To Class: ClassName=jeu_du_moulin_boura_uP_SCH Member=Component R4 39K
Added Member To Class: ClassName=jeu_du_moulin_boura_uP_SCH Member=Component R5 10K
Added Member To Class: ClassName=jeu_du_moulin_boura_uP_SCH Member=Component R6 10K
Added Member To Class: ClassName=jeu_du_moulin_boura_uP_SCH Member=Component R7 10K
Added Member To Class: ClassName=jeu_du_moulin_boura_uP_SCH Member=Component R8 10K
Added Member To Class: ClassName=jeu_du_moulin_boura_uP_SCH Member=Component R9 10K
Added Member To Class: ClassName=jeu_du_moulin_boura_uP_SCH Member=Component R10 10K
Added Member To Class: ClassName=jeu_du_moulin_boura_uP_SCH Member=Component R11 10K
Added Member To Class: ClassName=jeu_du_moulin_boura_uP_SCH Member=Component R12 10K
Added Member To Class: ClassName=jeu_du_moulin_boura_uP_SCH Member=Component R13 10K
Added Member To Class: ClassName=jeu_du_moulin_boura_uP_SCH Member=Component R14 220E
Added Member To Class: ClassName=jeu_du_moulin_boura_uP_SCH Member=Component R15 5.1k
Added Member To Class: ClassName=jeu_du_moulin_boura_uP_SCH Member=Component R16 5.1k
Added Member To Class: ClassName=jeu_du_moulin_boura_LedMatrix_SCH Member=Component R17 150E
Added Member To Class: ClassName=jeu_du_moulin_boura_LedMatrix_SCH Member=Component R18 150E
Added Member To Class: ClassName=jeu_du_moulin_boura_LedMatrix_SCH Member=Component R19 150E
Added Member To Class: ClassName=jeu_du_moulin_boura_LedMatrix_SCH Member=Component R20 150E
Added Member To Class: ClassName=jeu_du_moulin_boura_LedMatrix_SCH Member=Component R21 150E
Added Member To Class: ClassName=jeu_du_moulin_boura_LedMatrix_SCH Member=Component R22 150E
Added Member To Class: ClassName=jeu_du_moulin_boura_LedMatrix_SCH Member=Component R23 150E
Added Member To Class: ClassName=jeu_du_moulin_boura_LedMatrix_SCH Member=Component R24 150E
Added Member To Class: ClassName=jeu_du_moulin_boura_LedMatrix_SCH Member=Component R25 150E
Added Member To Class: ClassName=jeu_du_moulin_boura_LedMatrix_SCH Member=Component R26 150E
Added Member To Class: ClassName=jeu_du_moulin_boura_LedMatrix_SCH Member=Component R27 150E
Added Member To Class: ClassName=jeu_du_moulin_boura_uP_SCH Member=Component S1 SW_SPDT
Added Member To Class: ClassName=jeu_du_moulin_boura_uP_SCH Member=Component TP1 TP rouge
Added Member To Class: ClassName=jeu_du_moulin_boura_uP_SCH Member=Component TP2 TP noir
Added Member To Class: ClassName=jeu_du_moulin_boura_uP_SCH Member=Component TP3 TP vert
Added Member To Class: ClassName=jeu_du_moulin_boura_uP_SCH Member=Component TP4 TP vert
Added Member To Class: ClassName=jeu_du_moulin_boura_uP_SCH Member=Component TP5 TP vert
Added Member To Class: ClassName=jeu_du_moulin_boura_uP_SCH Member=Component TP6 TP vert
Added Member To Class: ClassName=jeu_du_moulin_boura_uP_SCH Member=Component TP7 TP rouge
Added Member To Class: ClassName=jeu_du_moulin_boura_uP_SCH Member=Component TP8 TP noir
Added Member To Class: ClassName=jeu_du_moulin_boura_uP_SCH Member=Component X1 CONNECTOR TC2030-NL
Added Member To Class: ClassName=jeu_du_moulin_boura_uP_SCH Member=Component X2 USB4520-03-0-A_REVA
