Removed Pin From Net: NetName=NetD1_1 Pin=D1-3
Removed Pin From Net: NetName=NetD1_1 Pin=D2-3
Removed Pin From Net: NetName=NetD1_1 Pin=D3-3
Removed Pin From Net: NetName=NetD4_1 Pin=D4-3
Removed Pin From Net: NetName=NetD4_1 Pin=D5-3
Removed Pin From Net: NetName=NetD4_1 Pin=D6-3
Removed Pin From Net: NetName=NetD7_1 Pin=D7-3
Removed Pin From Net: NetName=NetD7_1 Pin=D8-3
Removed Pin From Net: NetName=NetD7_1 Pin=D9-3
Removed Pin From Net: NetName=NetD10_1 Pin=D10-3
Removed Pin From Net: NetName=NetD10_1 Pin=D11-3
Removed Pin From Net: NetName=NetD10_1 Pin=D12-3
Removed Pin From Net: NetName=NetD13_1 Pin=D13-3
Removed Pin From Net: NetName=NetD13_1 Pin=D14-3
Removed Pin From Net: NetName=NetD13_1 Pin=D15-3
Removed Pin From Net: NetName=NetD16_1 Pin=D16-3
Removed Pin From Net: NetName=NetD16_1 Pin=D17-3
Removed Pin From Net: NetName=NetD16_1 Pin=D18-3
Removed Pin From Net: NetName=NetD19_1 Pin=D19-3
Removed Pin From Net: NetName=NetD19_1 Pin=D20-3
Removed Pin From Net: NetName=NetD19_1 Pin=D21-3
Removed Pin From Net: NetName=NetD22_1 Pin=D22-3
Removed Pin From Net: NetName=NetD22_1 Pin=D23-3
Removed Pin From Net: NetName=NetD22_1 Pin=D24-3
Removed Pin From Net: NetName=C3_LED Pin=R18-1
Removed Pin From Net: NetName=C2_LED Pin=R28-1
Removed Pin From Net: NetName=NetD1_2 Pin=R28-2
Removed Pin From Net: NetName=NetD2_2 Pin=R29-2
Removed Pin From Net: NetName=NetD3_2 Pin=R30-2
Removed Member From Class: ClassName=jeu_du_moulin_boura_LedMatrix_SCH Member=R28
Removed Member From Class: ClassName=jeu_du_moulin_boura_LedMatrix_SCH Member=R29
Removed Member From Class: ClassName=jeu_du_moulin_boura_LedMatrix_SCH Member=R30
Added Pin To Net: NetName=NetD1_2 Pin=D1-3
Added Pin To Net: NetName=NetD1_1 Pin=D1-4
Added Pin To Net: NetName=NetD2_2 Pin=D2-3
Added Pin To Net: NetName=NetD1_1 Pin=D2-4
Added Pin To Net: NetName=NetD3_2 Pin=D3-3
Added Pin To Net: NetName=NetD1_1 Pin=D3-4
Added Pin To Net: NetName=NetD1_2 Pin=D4-3
Added Pin To Net: NetName=NetD4_1 Pin=D4-4
Added Pin To Net: NetName=NetD2_2 Pin=D5-3
Added Pin To Net: NetName=NetD4_1 Pin=D5-4
Added Pin To Net: NetName=NetD3_2 Pin=D6-3
Added Pin To Net: NetName=NetD4_1 Pin=D6-4
Added Pin To Net: NetName=NetD1_2 Pin=D7-3
Added Pin To Net: NetName=NetD7_1 Pin=D7-4
Added Pin To Net: NetName=NetD2_2 Pin=D8-3
Added Pin To Net: NetName=NetD7_1 Pin=D8-4
Added Pin To Net: NetName=NetD3_2 Pin=D9-3
Added Pin To Net: NetName=NetD7_1 Pin=D9-4
Added Pin To Net: NetName=NetD1_2 Pin=D10-3
Added Pin To Net: NetName=NetD10_1 Pin=D10-4
Added Pin To Net: NetName=NetD2_2 Pin=D11-3
Added Pin To Net: NetName=NetD10_1 Pin=D11-4
Added Pin To Net: NetName=NetD3_2 Pin=D12-3
Added Pin To Net: NetName=NetD10_1 Pin=D12-4
Added Pin To Net: NetName=NetD1_2 Pin=D13-3
Added Pin To Net: NetName=NetD13_1 Pin=D13-4
Added Pin To Net: NetName=NetD2_2 Pin=D14-3
Added Pin To Net: NetName=NetD13_1 Pin=D14-4
Added Pin To Net: NetName=NetD3_2 Pin=D15-3
Added Pin To Net: NetName=NetD13_1 Pin=D15-4
Added Pin To Net: NetName=NetD1_2 Pin=D16-3
Added Pin To Net: NetName=NetD16_1 Pin=D16-4
Added Pin To Net: NetName=NetD2_2 Pin=D17-3
Added Pin To Net: NetName=NetD16_1 Pin=D17-4
Added Pin To Net: NetName=NetD3_2 Pin=D18-3
Added Pin To Net: NetName=NetD16_1 Pin=D18-4
Added Pin To Net: NetName=NetD1_2 Pin=D19-3
Added Pin To Net: NetName=NetD19_1 Pin=D19-4
Added Pin To Net: NetName=NetD2_2 Pin=D20-3
Added Pin To Net: NetName=NetD19_1 Pin=D20-4
Added Pin To Net: NetName=NetD3_2 Pin=D21-3
Added Pin To Net: NetName=NetD19_1 Pin=D21-4
Added Pin To Net: NetName=NetD1_2 Pin=D22-3
Added Pin To Net: NetName=NetD22_1 Pin=D22-4
Added Pin To Net: NetName=NetD2_2 Pin=D23-3
Added Pin To Net: NetName=NetD22_1 Pin=D23-4
Added Pin To Net: NetName=NetD3_2 Pin=D24-3
Added Pin To Net: NetName=NetD22_1 Pin=D24-4
Added Pin To Net: NetName=NetD1_2 Pin=R17-2
Added Pin To Net: NetName=C2_LED Pin=R18-1
Added Pin To Net: NetName=NetD2_2 Pin=R18-2
Added Pin To Net: NetName=C3_LED Pin=R19-1
Added Pin To Net: NetName=NetD3_2 Pin=R19-2
