Removed Pin From Net: NetName=L1 Pin=K1-12
Removed Pin From Net: NetName=L7 Pin=K1-13
Removed Pin From Net: NetName=C3 Pin=K1-15
Removed Pin From Net: NetName=L6 Pin=K1-16
Removed Pin From Net: NetName=L5 Pin=K1-17
Removed Pin From Net: NetName=L4 Pin=K1-19
Removed Pin From Net: NetName=L3 Pin=K1-20
Removed Pin From Net: NetName=L6_LED Pin=K1-29
Removed Pin From Net: NetName=C2 Pin=K1-31
Removed Pin From Net: NetName=L2 Pin=K1-32
Removed Pin From Net: NetName=L8 Pin=K1-33
Removed Pin From Net: NetName=L5_LED Pin=K1-38
Removed Pin From Net: NetName=L4_LED Pin=K1-39
Removed Pin From Net: NetName=L3_LED Pin=K1-40
Removed Pin From Net: NetName=L1_LED Pin=K1-41
Removed Pin From Net: NetName=C1_LED Pin=K1-42
Removed Pin From Net: NetName=L2_LED Pin=K1-43
Removed Pin From Net: NetName=C2_LED Pin=K1-45
Removed Pin From Net: NetName=C3_LED Pin=K1-46
Added Pin To Net: NetName=C2 Pin=K1-12
Added Pin To Net: NetName=C3 Pin=K1-13
Added Pin To Net: NetName=L1 Pin=K1-15
Added Pin To Net: NetName=L2 Pin=K1-16
Added Pin To Net: NetName=L3 Pin=K1-17
Added Pin To Net: NetName=L7 Pin=K1-19
Added Pin To Net: NetName=L8 Pin=K1-20
Added Pin To Net: NetName=C1_LED Pin=K1-29
Added Pin To Net: NetName=L4 Pin=K1-31
Added Pin To Net: NetName=L5 Pin=K1-32
Added Pin To Net: NetName=L6 Pin=K1-33
Added Pin To Net: NetName=C2_LED Pin=K1-38
Added Pin To Net: NetName=C3_LED Pin=K1-39
Added Pin To Net: NetName=L1_LED Pin=K1-40
Added Pin To Net: NetName=L2_LED Pin=K1-41
Added Pin To Net: NetName=L3_LED Pin=K1-42
Added Pin To Net: NetName=L4_LED Pin=K1-43
Added Pin To Net: NetName=L5_LED Pin=K1-45
Added Pin To Net: NetName=L6_LED Pin=K1-46
