Replace Part C1 E_COND-X7R in C:\Users\bourquenouda01\OneDrive - EDUETATFR\PHIE\jeu_du_moulin_alexandre_bourquenoud\jeu_du_moulin_2025_boura\jeu_du_moulin_boura\pcb\jeu_du_moulin_boura_uP_SCH.SchDoc with E_COND-X7R from EMF_DataBase.DbLib
Replace Part C2 E_COND-X7R in C:\Users\bourquenouda01\OneDrive - EDUETATFR\PHIE\jeu_du_moulin_alexandre_bourquenoud\jeu_du_moulin_2025_boura\jeu_du_moulin_boura\pcb\jeu_du_moulin_boura_uP_SCH.SchDoc with E_COND-X7R from EMF_DataBase.DbLib
Replace Part C3 E_COND-X7R in C:\Users\bourquenouda01\OneDrive - EDUETATFR\PHIE\jeu_du_moulin_alexandre_bourquenoud\jeu_du_moulin_2025_boura\jeu_du_moulin_boura\pcb\jeu_du_moulin_boura_uP_SCH.SchDoc with E_COND-X7R from EMF_DataBase.DbLib
Replace Part C4 E_COND-X7R in C:\Users\bourquenouda01\OneDrive - EDUETATFR\PHIE\jeu_du_moulin_alexandre_bourquenoud\jeu_du_moulin_2025_boura\jeu_du_moulin_boura\pcb\jeu_du_moulin_boura_uP_SCH.SchDoc with E_COND-X7R from EMF_DataBase.DbLib
Replace Part C5 E_COND-X7R in C:\Users\bourquenouda01\OneDrive - EDUETATFR\PHIE\jeu_du_moulin_alexandre_bourquenoud\jeu_du_moulin_2025_boura\jeu_du_moulin_boura\pcb\jeu_du_moulin_boura_uP_SCH.SchDoc with E_COND-X7R from EMF_DataBase.DbLib
Replace Part C6 E_COND-X7R in C:\Users\bourquenouda01\OneDrive - EDUETATFR\PHIE\jeu_du_moulin_alexandre_bourquenoud\jeu_du_moulin_2025_boura\jeu_du_moulin_boura\pcb\jeu_du_moulin_boura_uP_SCH.SchDoc with E_COND-X7R from EMF_DataBase.DbLib
Replace Part C7 E_COND-X7R in C:\Users\bourquenouda01\OneDrive - EDUETATFR\PHIE\jeu_du_moulin_alexandre_bourquenoud\jeu_du_moulin_2025_boura\jeu_du_moulin_boura\pcb\jeu_du_moulin_boura_uP_SCH.SchDoc with E_COND-X7R from EMF_DataBase.DbLib
Replace Part C8 E_COND-X7R in C:\Users\bourquenouda01\OneDrive - EDUETATFR\PHIE\jeu_du_moulin_alexandre_bourquenoud\jeu_du_moulin_2025_boura\jeu_du_moulin_boura\pcb\jeu_du_moulin_boura_uP_SCH.SchDoc with E_COND-X7R from EMF_DataBase.DbLib
Replace Part C9 E_COND-X7R in C:\Users\bourquenouda01\OneDrive - EDUETATFR\PHIE\jeu_du_moulin_alexandre_bourquenoud\jeu_du_moulin_2025_boura\jeu_du_moulin_boura\pcb\jeu_du_moulin_boura_uP_SCH.SchDoc with E_COND-X7R from EMF_DataBase.DbLib
Replace Part C10 E_COND-X7R in C:\Users\bourquenouda01\OneDrive - EDUETATFR\PHIE\jeu_du_moulin_alexandre_bourquenoud\jeu_du_moulin_2025_boura\jeu_du_moulin_boura\pcb\jeu_du_moulin_boura_uP_SCH.SchDoc with E_COND-X7R from EMF_DataBase.DbLib
Replace Part C11 E_COND-X7R in C:\Users\bourquenouda01\OneDrive - EDUETATFR\PHIE\jeu_du_moulin_alexandre_bourquenoud\jeu_du_moulin_2025_boura\jeu_du_moulin_boura\pcb\jeu_du_moulin_boura_uP_SCH.SchDoc with E_COND-X7R from EMF_DataBase.DbLib
Replace Part C12 E_COND-X7R in C:\Users\bourquenouda01\OneDrive - EDUETATFR\PHIE\jeu_du_moulin_alexandre_bourquenoud\jeu_du_moulin_2025_boura\jeu_du_moulin_boura\pcb\jeu_du_moulin_boura_uP_SCH.SchDoc with E_COND-X7R from EMF_DataBase.DbLib
Replace Part C13 E_COND-X7R in C:\Users\bourquenouda01\OneDrive - EDUETATFR\PHIE\jeu_du_moulin_alexandre_bourquenoud\jeu_du_moulin_2025_boura\jeu_du_moulin_boura\pcb\jeu_du_moulin_boura_uP_SCH.SchDoc with E_COND-X7R from EMF_DataBase.DbLib
Replace Part D25 Zener 2.4V in C:\Users\bourquenouda01\OneDrive - EDUETATFR\PHIE\jeu_du_moulin_alexandre_bourquenoud\jeu_du_moulin_2025_boura\jeu_du_moulin_boura\pcb\jeu_du_moulin_boura_uP_SCH.SchDoc with Zener 2.4V from jeu_du_moulin_boura_INTLIB.IntLib
Replace Part K1 STM32L072CZT6 in C:\Users\bourquenouda01\OneDrive - EDUETATFR\PHIE\jeu_du_moulin_alexandre_bourquenoud\jeu_du_moulin_2025_boura\jeu_du_moulin_boura\pcb\jeu_du_moulin_boura_uP_SCH.SchDoc with STM32L072CZT6 from jeu_du_moulin_boura_INTLIB.IntLib
Replace Part K2 Voltage Regulator 3.3V in C:\Users\bourquenouda01\OneDrive - EDUETATFR\PHIE\jeu_du_moulin_alexandre_bourquenoud\jeu_du_moulin_2025_boura\jeu_du_moulin_boura\pcb\jeu_du_moulin_boura_uP_SCH.SchDoc with Voltage Regulator 3.3V from jeu_du_moulin_boura_INTLIB.IntLib
Replace Part Q1 MOSFET Channel P in C:\Users\bourquenouda01\OneDrive - EDUETATFR\PHIE\jeu_du_moulin_alexandre_bourquenoud\jeu_du_moulin_2025_boura\jeu_du_moulin_boura\pcb\jeu_du_moulin_boura_uP_SCH.SchDoc with MOSFET Channel P from jeu_du_moulin_boura_INTLIB.IntLib
Replace Part R1 E_RSMD0603 in C:\Users\bourquenouda01\OneDrive - EDUETATFR\PHIE\jeu_du_moulin_alexandre_bourquenoud\jeu_du_moulin_2025_boura\jeu_du_moulin_boura\pcb\jeu_du_moulin_boura_uP_SCH.SchDoc with E_RSMD0603 from EMF_DataBase.DbLib
Replace Part R2 E_RSMD0603 in C:\Users\bourquenouda01\OneDrive - EDUETATFR\PHIE\jeu_du_moulin_alexandre_bourquenoud\jeu_du_moulin_2025_boura\jeu_du_moulin_boura\pcb\jeu_du_moulin_boura_uP_SCH.SchDoc with E_RSMD0603 from EMF_DataBase.DbLib
Replace Part R3 E_RSMD0603 in C:\Users\bourquenouda01\OneDrive - EDUETATFR\PHIE\jeu_du_moulin_alexandre_bourquenoud\jeu_du_moulin_2025_boura\jeu_du_moulin_boura\pcb\jeu_du_moulin_boura_uP_SCH.SchDoc with E_RSMD0603 from EMF_DataBase.DbLib
Replace Part R4 E_RSMD0603 in C:\Users\bourquenouda01\OneDrive - EDUETATFR\PHIE\jeu_du_moulin_alexandre_bourquenoud\jeu_du_moulin_2025_boura\jeu_du_moulin_boura\pcb\jeu_du_moulin_boura_uP_SCH.SchDoc with E_RSMD0603 from EMF_DataBase.DbLib
Replace Part R5 E_RSMD0603 in C:\Users\bourquenouda01\OneDrive - EDUETATFR\PHIE\jeu_du_moulin_alexandre_bourquenoud\jeu_du_moulin_2025_boura\jeu_du_moulin_boura\pcb\jeu_du_moulin_boura_uP_SCH.SchDoc with E_RSMD0603 from EMF_DataBase.DbLib
Replace Part R6 E_RSMD0603 in C:\Users\bourquenouda01\OneDrive - EDUETATFR\PHIE\jeu_du_moulin_alexandre_bourquenoud\jeu_du_moulin_2025_boura\jeu_du_moulin_boura\pcb\jeu_du_moulin_boura_uP_SCH.SchDoc with E_RSMD0603 from EMF_DataBase.DbLib
Replace Part R7 E_RSMD0603 in C:\Users\bourquenouda01\OneDrive - EDUETATFR\PHIE\jeu_du_moulin_alexandre_bourquenoud\jeu_du_moulin_2025_boura\jeu_du_moulin_boura\pcb\jeu_du_moulin_boura_uP_SCH.SchDoc with E_RSMD0603 from EMF_DataBase.DbLib
Replace Part R8 E_RSMD0603 in C:\Users\bourquenouda01\OneDrive - EDUETATFR\PHIE\jeu_du_moulin_alexandre_bourquenoud\jeu_du_moulin_2025_boura\jeu_du_moulin_boura\pcb\jeu_du_moulin_boura_uP_SCH.SchDoc with E_RSMD0603 from EMF_DataBase.DbLib
Replace Part R9 E_RSMD0603 in C:\Users\bourquenouda01\OneDrive - EDUETATFR\PHIE\jeu_du_moulin_alexandre_bourquenoud\jeu_du_moulin_2025_boura\jeu_du_moulin_boura\pcb\jeu_du_moulin_boura_uP_SCH.SchDoc with E_RSMD0603 from EMF_DataBase.DbLib
Replace Part R10 E_RSMD0603 in C:\Users\bourquenouda01\OneDrive - EDUETATFR\PHIE\jeu_du_moulin_alexandre_bourquenoud\jeu_du_moulin_2025_boura\jeu_du_moulin_boura\pcb\jeu_du_moulin_boura_uP_SCH.SchDoc with E_RSMD0603 from EMF_DataBase.DbLib
Replace Part R11 E_RSMD0603 in C:\Users\bourquenouda01\OneDrive - EDUETATFR\PHIE\jeu_du_moulin_alexandre_bourquenoud\jeu_du_moulin_2025_boura\jeu_du_moulin_boura\pcb\jeu_du_moulin_boura_uP_SCH.SchDoc with E_RSMD0603 from EMF_DataBase.DbLib
Replace Part R12 E_RSMD0603 in C:\Users\bourquenouda01\OneDrive - EDUETATFR\PHIE\jeu_du_moulin_alexandre_bourquenoud\jeu_du_moulin_2025_boura\jeu_du_moulin_boura\pcb\jeu_du_moulin_boura_uP_SCH.SchDoc with E_RSMD0603 from EMF_DataBase.DbLib
Replace Part R13 E_RSMD0603 in C:\Users\bourquenouda01\OneDrive - EDUETATFR\PHIE\jeu_du_moulin_alexandre_bourquenoud\jeu_du_moulin_2025_boura\jeu_du_moulin_boura\pcb\jeu_du_moulin_boura_uP_SCH.SchDoc with E_RSMD0603 from EMF_DataBase.DbLib
Replace Part R14 E_RSMD0603 in C:\Users\bourquenouda01\OneDrive - EDUETATFR\PHIE\jeu_du_moulin_alexandre_bourquenoud\jeu_du_moulin_2025_boura\jeu_du_moulin_boura\pcb\jeu_du_moulin_boura_uP_SCH.SchDoc with E_RSMD0603 from EMF_DataBase.DbLib
Replace Part R15 5.1k in C:\Users\bourquenouda01\OneDrive - EDUETATFR\PHIE\jeu_du_moulin_alexandre_bourquenoud\jeu_du_moulin_2025_boura\jeu_du_moulin_boura\pcb\jeu_du_moulin_boura_uP_SCH.SchDoc with 5.1k from jeu_du_moulin_boura_INTLIB.IntLib
Replace Part R16 5.1k in C:\Users\bourquenouda01\OneDrive - EDUETATFR\PHIE\jeu_du_moulin_alexandre_bourquenoud\jeu_du_moulin_2025_boura\jeu_du_moulin_boura\pcb\jeu_du_moulin_boura_uP_SCH.SchDoc with 5.1k from jeu_du_moulin_boura_INTLIB.IntLib
Replace Part S1 SW_SPDT in C:\Users\bourquenouda01\OneDrive - EDUETATFR\PHIE\jeu_du_moulin_alexandre_bourquenoud\jeu_du_moulin_2025_boura\jeu_du_moulin_boura\pcb\jeu_du_moulin_boura_uP_SCH.SchDoc with SW_SPDT from jeu_du_moulin_boura_INTLIB.IntLib
Replace Part S1 SW_SPDT in C:\Users\bourquenouda01\OneDrive - EDUETATFR\PHIE\jeu_du_moulin_alexandre_bourquenoud\jeu_du_moulin_2025_boura\jeu_du_moulin_boura\pcb\jeu_du_moulin_boura_uP_SCH.SchDoc with SW_SPDT from jeu_du_moulin_boura_INTLIB.IntLib
Replace Part TP1 E_TestPoint_Sonde in C:\Users\bourquenouda01\OneDrive - EDUETATFR\PHIE\jeu_du_moulin_alexandre_bourquenoud\jeu_du_moulin_2025_boura\jeu_du_moulin_boura\pcb\jeu_du_moulin_boura_uP_SCH.SchDoc with E_TestPoint_Sonde from EMF_DataBase.DbLib
Replace Part TP2 E_TestPoint_Sonde in C:\Users\bourquenouda01\OneDrive - EDUETATFR\PHIE\jeu_du_moulin_alexandre_bourquenoud\jeu_du_moulin_2025_boura\jeu_du_moulin_boura\pcb\jeu_du_moulin_boura_uP_SCH.SchDoc with E_TestPoint_Sonde from EMF_DataBase.DbLib
Replace Part TP3 E_TestPoint_Sonde in C:\Users\bourquenouda01\OneDrive - EDUETATFR\PHIE\jeu_du_moulin_alexandre_bourquenoud\jeu_du_moulin_2025_boura\jeu_du_moulin_boura\pcb\jeu_du_moulin_boura_uP_SCH.SchDoc with E_TestPoint_Sonde from EMF_DataBase.DbLib
Replace Part TP4 E_TestPoint_Sonde in C:\Users\bourquenouda01\OneDrive - EDUETATFR\PHIE\jeu_du_moulin_alexandre_bourquenoud\jeu_du_moulin_2025_boura\jeu_du_moulin_boura\pcb\jeu_du_moulin_boura_uP_SCH.SchDoc with E_TestPoint_Sonde from EMF_DataBase.DbLib
Replace Part TP5 E_TestPoint_Sonde in C:\Users\bourquenouda01\OneDrive - EDUETATFR\PHIE\jeu_du_moulin_alexandre_bourquenoud\jeu_du_moulin_2025_boura\jeu_du_moulin_boura\pcb\jeu_du_moulin_boura_uP_SCH.SchDoc with E_TestPoint_Sonde from EMF_DataBase.DbLib
Replace Part TP6 E_TestPoint_Sonde in C:\Users\bourquenouda01\OneDrive - EDUETATFR\PHIE\jeu_du_moulin_alexandre_bourquenoud\jeu_du_moulin_2025_boura\jeu_du_moulin_boura\pcb\jeu_du_moulin_boura_uP_SCH.SchDoc with E_TestPoint_Sonde from EMF_DataBase.DbLib
Replace Part TP7 E_TestPoint_Sonde in C:\Users\bourquenouda01\OneDrive - EDUETATFR\PHIE\jeu_du_moulin_alexandre_bourquenoud\jeu_du_moulin_2025_boura\jeu_du_moulin_boura\pcb\jeu_du_moulin_boura_uP_SCH.SchDoc with E_TestPoint_Sonde from EMF_DataBase.DbLib
Replace Part TP8 E_TestPoint_Sonde in C:\Users\bourquenouda01\OneDrive - EDUETATFR\PHIE\jeu_du_moulin_alexandre_bourquenoud\jeu_du_moulin_2025_boura\jeu_du_moulin_boura\pcb\jeu_du_moulin_boura_uP_SCH.SchDoc with E_TestPoint_Sonde from EMF_DataBase.DbLib
Replace Part X1 CONNECTOR TC2030-NL in C:\Users\bourquenouda01\OneDrive - EDUETATFR\PHIE\jeu_du_moulin_alexandre_bourquenoud\jeu_du_moulin_2025_boura\jeu_du_moulin_boura\pcb\jeu_du_moulin_boura_uP_SCH.SchDoc with CONNECTOR TC2030-NL from jeu_du_moulin_boura_INTLIB.IntLib
Replace Part X2 USB4520-03-0-A_REVA in C:\Users\bourquenouda01\OneDrive - EDUETATFR\PHIE\jeu_du_moulin_alexandre_bourquenoud\jeu_du_moulin_2025_boura\jeu_du_moulin_boura\pcb\jeu_du_moulin_boura_uP_SCH.SchDoc with USB4520-03-0-A_REVA from jeu_du_moulin_boura_INTLIB.IntLib
